This file contains any messages produced by compilers while
running configure, to aid debugging if configure makes a mistake.

It was created by openbts configure 5.0-master, which was
generated by GNU Autoconf 2.68.  Invocation command line was

  $ ./configure --with-uhd

## --------- ##
## Platform. ##
## --------- ##

hostname = openbts
uname -m = i686
uname -r = 3.13.0-32-generic
uname -s = Linux
uname -v = #57~precise1-Ubuntu SMP Tue Jul 15 03:50:54 UTC 2014

/usr/bin/uname -p = unknown
/bin/uname -X     = unknown

/bin/arch              = unknown
/usr/bin/arch -k       = unknown
/usr/convex/getsysinfo = unknown
/usr/bin/hostinfo      = unknown
/bin/machine           = unknown
/usr/bin/oslevel       = unknown
/bin/universe          = unknown

PATH: /usr/lib/lightdm/lightdm
PATH: /usr/local/sbin
PATH: /usr/local/bin
PATH: /usr/sbin
PATH: /usr/bin
PATH: /sbin
PATH: /bin
PATH: /usr/games


## ----------- ##
## Core tests. ##
## ----------- ##

configure:2451: checking build system type
configure:2465: result: i686-pc-linux-gnu
configure:2485: checking host system type
configure:2498: result: i686-pc-linux-gnu
configure:2518: checking target system type
configure:2531: result: i686-pc-linux-gnu
configure:2603: checking for a BSD-compatible install
configure:2671: result: /usr/bin/install -c
configure:2682: checking whether build environment is sane
configure:2732: result: yes
configure:2873: checking for a thread-safe mkdir -p
configure:2912: result: /bin/mkdir -p
configure:2925: checking for gawk
configure:2955: result: no
configure:2925: checking for mawk
configure:2941: found /usr/bin/mawk
configure:2952: result: mawk
configure:2963: checking whether make sets $(MAKE)
configure:2985: result: yes
configure:3129: checking for g++
configure:3145: found /usr/bin/g++
configure:3156: result: g++
configure:3183: checking for C++ compiler version
configure:3192: g++ --version >&5
g++ (Ubuntu/Linaro 4.6.3-1ubuntu5) 4.6.3
Copyright (C) 2011 Free Software Foundation, Inc.
This is free software; see the source for copying conditions.  There is NO
warranty; not even for MERCHANTABILITY or FITNESS FOR A PARTICULAR PURPOSE.

configure:3203: $? = 0
configure:3192: g++ -v >&5
Using built-in specs.
COLLECT_GCC=g++
COLLECT_LTO_WRAPPER=/usr/lib/gcc/i686-linux-gnu/4.6/lto-wrapper
Target: i686-linux-gnu
Configured with: ../src/configure -v --with-pkgversion='Ubuntu/Linaro 4.6.3-1ubuntu5' --with-bugurl=file:///usr/share/doc/gcc-4.6/README.Bugs --enable-languages=c,c++,fortran,objc,obj-c++ --prefix=/usr --program-suffix=-4.6 --enable-shared --enable-linker-build-id --with-system-zlib --libexecdir=/usr/lib --without-included-gettext --enable-threads=posix --with-gxx-include-dir=/usr/include/c++/4.6 --libdir=/usr/lib --enable-nls --with-sysroot=/ --enable-clocale=gnu --enable-libstdcxx-debug --enable-libstdcxx-time=yes --enable-gnu-unique-object --enable-plugin --enable-objc-gc --enable-targets=all --disable-werror --with-arch-32=i686 --with-tune=generic --enable-checking=release --build=i686-linux-gnu --host=i686-linux-gnu --target=i686-linux-gnu
Thread model: posix
gcc version 4.6.3 (Ubuntu/Linaro 4.6.3-1ubuntu5) 
configure:3203: $? = 0
configure:3192: g++ -V >&5
g++: error: unrecognized option '-V'
g++: fatal error: no input files
compilation terminated.
configure:3203: $? = 4
configure:3192: g++ -qversion >&5
g++: error: unrecognized option '-qversion'
g++: fatal error: no input files
compilation terminated.
configure:3203: $? = 4
configure:3223: checking whether the C++ compiler works
configure:3245: g++ -g -O2 -fstack-protector --param=ssp-buffer-size=4 -Wformat -Wformat-security -D_FORTIFY_SOURCE=2 -Wl,-Bsymbolic-functions -Wl,-z,relro conftest.cpp  >&5
configure:3249: $? = 0
configure:3297: result: yes
configure:3300: checking for C++ compiler default output file name
configure:3302: result: a.out
configure:3308: checking for suffix of executables
configure:3315: g++ -o conftest -g -O2 -fstack-protector --param=ssp-buffer-size=4 -Wformat -Wformat-security -D_FORTIFY_SOURCE=2 -Wl,-Bsymbolic-functions -Wl,-z,relro conftest.cpp  >&5
configure:3319: $? = 0
configure:3341: result: 
configure:3363: checking whether we are cross compiling
configure:3371: g++ -o conftest -g -O2 -fstack-protector --param=ssp-buffer-size=4 -Wformat -Wformat-security -D_FORTIFY_SOURCE=2 -Wl,-Bsymbolic-functions -Wl,-z,relro conftest.cpp  >&5
configure:3375: $? = 0
configure:3382: ./conftest
configure:3386: $? = 0
configure:3401: result: no
configure:3406: checking for suffix of object files
configure:3428: g++ -c -g -O2 -fstack-protector --param=ssp-buffer-size=4 -Wformat -Wformat-security -D_FORTIFY_SOURCE=2 conftest.cpp >&5
configure:3432: $? = 0
configure:3453: result: o
configure:3457: checking whether we are using the GNU C++ compiler
configure:3476: g++ -c -g -O2 -fstack-protector --param=ssp-buffer-size=4 -Wformat -Wformat-security -D_FORTIFY_SOURCE=2 conftest.cpp >&5
configure:3476: $? = 0
configure:3485: result: yes
configure:3494: checking whether g++ accepts -g
configure:3514: g++ -c -g -D_FORTIFY_SOURCE=2 conftest.cpp >&5
configure:3514: $? = 0
configure:3555: result: yes
configure:3589: checking for style of include used by make
configure:3617: result: GNU
configure:3643: checking dependency style of g++
configure:3754: result: gcc3
configure:3773: checking for gawk
configure:3800: result: mawk
configure:3859: checking for gcc
configure:3875: found /usr/bin/gcc
configure:3886: result: gcc
configure:4115: checking for C compiler version
configure:4124: gcc --version >&5
gcc (Ubuntu/Linaro 4.6.3-1ubuntu5) 4.6.3
Copyright (C) 2011 Free Software Foundation, Inc.
This is free software; see the source for copying conditions.  There is NO
warranty; not even for MERCHANTABILITY or FITNESS FOR A PARTICULAR PURPOSE.

configure:4135: $? = 0
configure:4124: gcc -v >&5
Using built-in specs.
COLLECT_GCC=gcc
COLLECT_LTO_WRAPPER=/usr/lib/gcc/i686-linux-gnu/4.6/lto-wrapper
Target: i686-linux-gnu
Configured with: ../src/configure -v --with-pkgversion='Ubuntu/Linaro 4.6.3-1ubuntu5' --with-bugurl=file:///usr/share/doc/gcc-4.6/README.Bugs --enable-languages=c,c++,fortran,objc,obj-c++ --prefix=/usr --program-suffix=-4.6 --enable-shared --enable-linker-build-id --with-system-zlib --libexecdir=/usr/lib --without-included-gettext --enable-threads=posix --with-gxx-include-dir=/usr/include/c++/4.6 --libdir=/usr/lib --enable-nls --with-sysroot=/ --enable-clocale=gnu --enable-libstdcxx-debug --enable-libstdcxx-time=yes --enable-gnu-unique-object --enable-plugin --enable-objc-gc --enable-targets=all --disable-werror --with-arch-32=i686 --with-tune=generic --enable-checking=release --build=i686-linux-gnu --host=i686-linux-gnu --target=i686-linux-gnu
Thread model: posix
gcc version 4.6.3 (Ubuntu/Linaro 4.6.3-1ubuntu5) 
configure:4135: $? = 0
configure:4124: gcc -V >&5
gcc: error: unrecognized option '-V'
gcc: fatal error: no input files
compilation terminated.
configure:4135: $? = 4
configure:4124: gcc -qversion >&5
gcc: error: unrecognized option '-qversion'
gcc: fatal error: no input files
compilation terminated.
configure:4135: $? = 4
configure:4139: checking whether we are using the GNU C compiler
configure:4158: gcc -c -g -O2 -fstack-protector --param=ssp-buffer-size=4 -Wformat -Wformat-security -D_FORTIFY_SOURCE=2 conftest.c >&5
configure:4158: $? = 0
configure:4167: result: yes
configure:4176: checking whether gcc accepts -g
configure:4196: gcc -c -g -D_FORTIFY_SOURCE=2 conftest.c >&5
configure:4196: $? = 0
configure:4237: result: yes
configure:4254: checking for gcc option to accept ISO C89
configure:4318: gcc  -c -g -O2 -fstack-protector --param=ssp-buffer-size=4 -Wformat -Wformat-security -D_FORTIFY_SOURCE=2 conftest.c >&5
configure:4318: $? = 0
configure:4331: result: none needed
configure:4353: checking dependency style of gcc
configure:4464: result: gcc3
configure:4480: checking whether ln -s works
configure:4484: result: yes
configure:4491: checking whether make sets $(MAKE)
configure:4513: result: yes
configure:4531: checking dependency style of gcc
configure:4640: result: gcc3
configure:4657: checking for rm
configure:4675: found /bin/rm
configure:4687: result: /bin/rm
configure:4746: checking how to print strings
configure:4773: result: printf
configure:4794: checking for a sed that does not truncate output
configure:4858: result: /bin/sed
configure:4876: checking for grep that handles long lines and -e
configure:4934: result: /bin/grep
configure:4939: checking for egrep
configure:5001: result: /bin/grep -E
configure:5006: checking for fgrep
configure:5068: result: /bin/grep -F
configure:5103: checking for ld used by gcc
configure:5170: result: /usr/bin/ld
configure:5177: checking if the linker (/usr/bin/ld) is GNU ld
configure:5192: result: yes
configure:5204: checking for BSD- or MS-compatible name lister (nm)
configure:5253: result: /usr/bin/nm -B
configure:5383: checking the name lister (/usr/bin/nm -B) interface
configure:5390: gcc -c -g -O2 -fstack-protector --param=ssp-buffer-size=4 -Wformat -Wformat-security -D_FORTIFY_SOURCE=2 conftest.c >&5
configure:5393: /usr/bin/nm -B "conftest.o"
configure:5396: output
00000000 B some_variable
configure:5403: result: BSD nm
configure:5407: checking the maximum length of command line arguments
configure:5537: result: 805306365
configure:5554: checking whether the shell understands some XSI constructs
configure:5564: result: yes
configure:5568: checking whether the shell understands "+="
configure:5574: result: yes
configure:5609: checking how to convert i686-pc-linux-gnu file names to i686-pc-linux-gnu format
configure:5649: result: func_convert_file_noop
configure:5656: checking how to convert i686-pc-linux-gnu file names to toolchain format
configure:5676: result: func_convert_file_noop
configure:5683: checking for /usr/bin/ld option to reload object files
configure:5690: result: -r
configure:5764: checking for objdump
configure:5780: found /usr/bin/objdump
configure:5791: result: objdump
configure:5823: checking how to recognize dependent libraries
configure:6025: result: pass_all
configure:6110: checking for dlltool
configure:6140: result: no
configure:6170: checking how to associate runtime and link libraries
configure:6197: result: printf %s\n
configure:6258: checking for ar
configure:6274: found /usr/bin/ar
configure:6285: result: ar
configure:6322: checking for archiver @FILE support
configure:6339: gcc -c -g -O2 -fstack-protector --param=ssp-buffer-size=4 -Wformat -Wformat-security -D_FORTIFY_SOURCE=2 conftest.c >&5
configure:6339: $? = 0
configure:6342: ar cru libconftest.a @conftest.lst >&5
configure:6345: $? = 0
configure:6350: ar cru libconftest.a @conftest.lst >&5
ar: conftest.o: No such file or directory
configure:6353: $? = 1
configure:6365: result: @
configure:6423: checking for strip
configure:6439: found /usr/bin/strip
configure:6450: result: strip
configure:6522: checking for ranlib
configure:6538: found /usr/bin/ranlib
configure:6549: result: ranlib
configure:6651: checking command to parse /usr/bin/nm -B output from gcc object
configure:6771: gcc -c -g -O2 -fstack-protector --param=ssp-buffer-size=4 -Wformat -Wformat-security -D_FORTIFY_SOURCE=2 conftest.c >&5
configure:6774: $? = 0
configure:6778: /usr/bin/nm -B conftest.o \| sed -n -e 's/^.*[ ]\([ABCDGIRSTW][ABCDGIRSTW]*\)[ ][ ]*\([_A-Za-z][_A-Za-z0-9]*\)$/\1 \2 \2/p' | sed '/ __gnu_lto/d' \> conftest.nm
configure:6781: $? = 0
configure:6847: gcc -o conftest -g -O2 -fstack-protector --param=ssp-buffer-size=4 -Wformat -Wformat-security -D_FORTIFY_SOURCE=2 -Wl,-Bsymbolic-functions -Wl,-z,relro conftest.c conftstm.o >&5
configure:6850: $? = 0
configure:6888: result: ok
configure:6925: checking for sysroot
configure:6955: result: no
configure:7211: checking for mt
configure:7227: found /bin/mt
configure:7238: result: mt
configure:7261: checking if mt is a manifest tool
configure:7267: mt '-?'
configure:7275: result: no
configure:7917: checking how to run the C preprocessor
configure:7948: gcc -E -D_FORTIFY_SOURCE=2 conftest.c
configure:7948: $? = 0
configure:7962: gcc -E -D_FORTIFY_SOURCE=2 conftest.c
conftest.c:11:28: fatal error: ac_nonexistent.h: No such file or directory
compilation terminated.
configure:7962: $? = 1
configure: failed program was:
| /* confdefs.h */
| #define PACKAGE_NAME "openbts"
| #define PACKAGE_TARNAME "openbts"
| #define PACKAGE_VERSION "5.0-master"
| #define PACKAGE_STRING "openbts 5.0-master"
| #define PACKAGE_BUGREPORT ""
| #define PACKAGE_URL ""
| #define PACKAGE "openbts"
| #define VERSION "5.0-master"
| /* end confdefs.h.  */
| #include <ac_nonexistent.h>
configure:7987: result: gcc -E
configure:8007: gcc -E -D_FORTIFY_SOURCE=2 conftest.c
configure:8007: $? = 0
configure:8021: gcc -E -D_FORTIFY_SOURCE=2 conftest.c
conftest.c:11:28: fatal error: ac_nonexistent.h: No such file or directory
compilation terminated.
configure:8021: $? = 1
configure: failed program was:
| /* confdefs.h */
| #define PACKAGE_NAME "openbts"
| #define PACKAGE_TARNAME "openbts"
| #define PACKAGE_VERSION "5.0-master"
| #define PACKAGE_STRING "openbts 5.0-master"
| #define PACKAGE_BUGREPORT ""
| #define PACKAGE_URL ""
| #define PACKAGE "openbts"
| #define VERSION "5.0-master"
| /* end confdefs.h.  */
| #include <ac_nonexistent.h>
configure:8050: checking for ANSI C header files
configure:8070: gcc -c -g -O2 -fstack-protector --param=ssp-buffer-size=4 -Wformat -Wformat-security -D_FORTIFY_SOURCE=2 conftest.c >&5
configure:8070: $? = 0
configure:8143: gcc -o conftest -g -O2 -fstack-protector --param=ssp-buffer-size=4 -Wformat -Wformat-security -D_FORTIFY_SOURCE=2 -Wl,-Bsymbolic-functions -Wl,-z,relro conftest.c  >&5
configure:8143: $? = 0
configure:8143: ./conftest
configure:8143: $? = 0
configure:8154: result: yes
configure:8167: checking for sys/types.h
configure:8167: gcc -c -g -O2 -fstack-protector --param=ssp-buffer-size=4 -Wformat -Wformat-security -D_FORTIFY_SOURCE=2 conftest.c >&5
configure:8167: $? = 0
configure:8167: result: yes
configure:8167: checking for sys/stat.h
configure:8167: gcc -c -g -O2 -fstack-protector --param=ssp-buffer-size=4 -Wformat -Wformat-security -D_FORTIFY_SOURCE=2 conftest.c >&5
configure:8167: $? = 0
configure:8167: result: yes
configure:8167: checking for stdlib.h
configure:8167: gcc -c -g -O2 -fstack-protector --param=ssp-buffer-size=4 -Wformat -Wformat-security -D_FORTIFY_SOURCE=2 conftest.c >&5
configure:8167: $? = 0
configure:8167: result: yes
configure:8167: checking for string.h
configure:8167: gcc -c -g -O2 -fstack-protector --param=ssp-buffer-size=4 -Wformat -Wformat-security -D_FORTIFY_SOURCE=2 conftest.c >&5
configure:8167: $? = 0
configure:8167: result: yes
configure:8167: checking for memory.h
configure:8167: gcc -c -g -O2 -fstack-protector --param=ssp-buffer-size=4 -Wformat -Wformat-security -D_FORTIFY_SOURCE=2 conftest.c >&5
configure:8167: $? = 0
configure:8167: result: yes
configure:8167: checking for strings.h
configure:8167: gcc -c -g -O2 -fstack-protector --param=ssp-buffer-size=4 -Wformat -Wformat-security -D_FORTIFY_SOURCE=2 conftest.c >&5
configure:8167: $? = 0
configure:8167: result: yes
configure:8167: checking for inttypes.h
configure:8167: gcc -c -g -O2 -fstack-protector --param=ssp-buffer-size=4 -Wformat -Wformat-security -D_FORTIFY_SOURCE=2 conftest.c >&5
configure:8167: $? = 0
configure:8167: result: yes
configure:8167: checking for stdint.h
configure:8167: gcc -c -g -O2 -fstack-protector --param=ssp-buffer-size=4 -Wformat -Wformat-security -D_FORTIFY_SOURCE=2 conftest.c >&5
configure:8167: $? = 0
configure:8167: result: yes
configure:8167: checking for unistd.h
configure:8167: gcc -c -g -O2 -fstack-protector --param=ssp-buffer-size=4 -Wformat -Wformat-security -D_FORTIFY_SOURCE=2 conftest.c >&5
configure:8167: $? = 0
configure:8167: result: yes
configure:8181: checking for dlfcn.h
configure:8181: gcc -c -g -O2 -fstack-protector --param=ssp-buffer-size=4 -Wformat -Wformat-security -D_FORTIFY_SOURCE=2 conftest.c >&5
configure:8181: $? = 0
configure:8181: result: yes
configure:8398: checking for objdir
configure:8413: result: .libs
configure:8684: checking if gcc supports -fno-rtti -fno-exceptions
configure:8702: gcc -c -g -O2 -fstack-protector --param=ssp-buffer-size=4 -Wformat -Wformat-security -D_FORTIFY_SOURCE=2 -fno-rtti -fno-exceptions conftest.c >&5
cc1: warning: command line option '-fno-rtti' is valid for C++/ObjC++ but not for C [enabled by default]
configure:8706: $? = 0
configure:8719: result: no
configure:9046: checking for gcc option to produce PIC
configure:9053: result: -fPIC -DPIC
configure:9061: checking if gcc PIC flag -fPIC -DPIC works
configure:9079: gcc -c -g -O2 -fstack-protector --param=ssp-buffer-size=4 -Wformat -Wformat-security -D_FORTIFY_SOURCE=2 -fPIC -DPIC -DPIC conftest.c >&5
configure:9083: $? = 0
configure:9096: result: yes
configure:9125: checking if gcc static flag -static works
configure:9153: result: yes
configure:9168: checking if gcc supports -c -o file.o
configure:9189: gcc -c -g -O2 -fstack-protector --param=ssp-buffer-size=4 -Wformat -Wformat-security -D_FORTIFY_SOURCE=2 -o out/conftest2.o conftest.c >&5
configure:9193: $? = 0
configure:9215: result: yes
configure:9223: checking if gcc supports -c -o file.o
configure:9270: result: yes
configure:9303: checking whether the gcc linker (/usr/bin/ld) supports shared libraries
configure:10460: result: yes
configure:10497: checking whether -lc should be explicitly linked in
configure:10505: gcc -c -g -O2 -fstack-protector --param=ssp-buffer-size=4 -Wformat -Wformat-security -D_FORTIFY_SOURCE=2 conftest.c >&5
configure:10508: $? = 0
configure:10523: gcc -shared  -fPIC -DPIC conftest.o  -v -Wl,-soname -Wl,conftest -o conftest 2\>\&1 \| /bin/grep  -lc  \>/dev/null 2\>\&1
configure:10526: $? = 0
configure:10540: result: no
configure:10700: checking dynamic linker characteristics
configure:11211: gcc -o conftest -g -O2 -fstack-protector --param=ssp-buffer-size=4 -Wformat -Wformat-security -D_FORTIFY_SOURCE=2 -Wl,-Bsymbolic-functions -Wl,-z,relro -Wl,-rpath -Wl,/foo conftest.c  >&5
configure:11211: $? = 0
configure:11445: result: GNU/Linux ld.so
configure:11552: checking how to hardcode library paths into programs
configure:11577: result: immediate
configure:12117: checking whether stripping libraries is possible
configure:12122: result: yes
configure:12157: checking if libtool supports shared libraries
configure:12159: result: yes
configure:12162: checking whether to build shared libraries
configure:12183: result: yes
configure:12186: checking whether to build static libraries
configure:12190: result: yes
configure:12213: checking how to run the C++ preprocessor
configure:12240: g++ -E -D_FORTIFY_SOURCE=2 conftest.cpp
configure:12240: $? = 0
configure:12254: g++ -E -D_FORTIFY_SOURCE=2 conftest.cpp
conftest.cpp:23:28: fatal error: ac_nonexistent.h: No such file or directory
compilation terminated.
configure:12254: $? = 1
configure: failed program was:
| /* confdefs.h */
| #define PACKAGE_NAME "openbts"
| #define PACKAGE_TARNAME "openbts"
| #define PACKAGE_VERSION "5.0-master"
| #define PACKAGE_STRING "openbts 5.0-master"
| #define PACKAGE_BUGREPORT ""
| #define PACKAGE_URL ""
| #define PACKAGE "openbts"
| #define VERSION "5.0-master"
| #define STDC_HEADERS 1
| #define HAVE_SYS_TYPES_H 1
| #define HAVE_SYS_STAT_H 1
| #define HAVE_STDLIB_H 1
| #define HAVE_STRING_H 1
| #define HAVE_MEMORY_H 1
| #define HAVE_STRINGS_H 1
| #define HAVE_INTTYPES_H 1
| #define HAVE_STDINT_H 1
| #define HAVE_UNISTD_H 1
| #define HAVE_DLFCN_H 1
| #define LT_OBJDIR ".libs/"
| /* end confdefs.h.  */
| #include <ac_nonexistent.h>
configure:12279: result: g++ -E
configure:12299: g++ -E -D_FORTIFY_SOURCE=2 conftest.cpp
configure:12299: $? = 0
configure:12313: g++ -E -D_FORTIFY_SOURCE=2 conftest.cpp
conftest.cpp:23:28: fatal error: ac_nonexistent.h: No such file or directory
compilation terminated.
configure:12313: $? = 1
configure: failed program was:
| /* confdefs.h */
| #define PACKAGE_NAME "openbts"
| #define PACKAGE_TARNAME "openbts"
| #define PACKAGE_VERSION "5.0-master"
| #define PACKAGE_STRING "openbts 5.0-master"
| #define PACKAGE_BUGREPORT ""
| #define PACKAGE_URL ""
| #define PACKAGE "openbts"
| #define VERSION "5.0-master"
| #define STDC_HEADERS 1
| #define HAVE_SYS_TYPES_H 1
| #define HAVE_SYS_STAT_H 1
| #define HAVE_STDLIB_H 1
| #define HAVE_STRING_H 1
| #define HAVE_MEMORY_H 1
| #define HAVE_STRINGS_H 1
| #define HAVE_INTTYPES_H 1
| #define HAVE_STDINT_H 1
| #define HAVE_UNISTD_H 1
| #define HAVE_DLFCN_H 1
| #define LT_OBJDIR ".libs/"
| /* end confdefs.h.  */
| #include <ac_nonexistent.h>
configure:12482: checking for ld used by g++
configure:12549: result: /usr/bin/ld
configure:12556: checking if the linker (/usr/bin/ld) is GNU ld
configure:12571: result: yes
configure:12626: checking whether the g++ linker (/usr/bin/ld) supports shared libraries
configure:13631: result: yes
configure:13667: g++ -c -g -O2 -fstack-protector --param=ssp-buffer-size=4 -Wformat -Wformat-security -D_FORTIFY_SOURCE=2 conftest.cpp >&5
configure:13670: $? = 0
configure:14190: checking for g++ option to produce PIC
configure:14197: result: -fPIC -DPIC
configure:14205: checking if g++ PIC flag -fPIC -DPIC works
configure:14223: g++ -c -g -O2 -fstack-protector --param=ssp-buffer-size=4 -Wformat -Wformat-security -D_FORTIFY_SOURCE=2 -fPIC -DPIC -DPIC conftest.cpp >&5
configure:14227: $? = 0
configure:14240: result: yes
configure:14263: checking if g++ static flag -static works
configure:14291: result: yes
configure:14303: checking if g++ supports -c -o file.o
configure:14324: g++ -c -g -O2 -fstack-protector --param=ssp-buffer-size=4 -Wformat -Wformat-security -D_FORTIFY_SOURCE=2 -o out/conftest2.o conftest.cpp >&5
configure:14328: $? = 0
configure:14350: result: yes
configure:14355: checking if g++ supports -c -o file.o
configure:14402: result: yes
configure:14432: checking whether the g++ linker (/usr/bin/ld) supports shared libraries
configure:14471: result: yes
configure:14612: checking dynamic linker characteristics
configure:15291: result: GNU/Linux ld.so
configure:15344: checking how to hardcode library paths into programs
configure:15369: result: immediate
configure:15486: checking for ANSI C header files
configure:15590: result: yes
configure:15600: checking byteswap.h usability
configure:15600: gcc -c -g -O2 -fstack-protector --param=ssp-buffer-size=4 -Wformat -Wformat-security -D_FORTIFY_SOURCE=2 conftest.c >&5
configure:15600: $? = 0
configure:15600: result: yes
configure:15600: checking byteswap.h presence
configure:15600: gcc -E -D_FORTIFY_SOURCE=2 conftest.c
configure:15600: $? = 0
configure:15600: result: yes
configure:15600: checking for byteswap.h
configure:15600: result: yes
configure:15612: checking for an ANSI C-conforming const
configure:15677: gcc -c -g -O2 -fstack-protector --param=ssp-buffer-size=4 -Wformat -Wformat-security -D_FORTIFY_SOURCE=2 conftest.c >&5
configure:15677: $? = 0
configure:15684: result: yes
configure:15692: checking for inline
configure:15708: gcc -c -g -O2 -fstack-protector --param=ssp-buffer-size=4 -Wformat -Wformat-security -D_FORTIFY_SOURCE=2 conftest.c >&5
configure:15708: $? = 0
configure:15716: result: inline
configure:15734: checking for size_t
configure:15734: gcc -c -g -O2 -fstack-protector --param=ssp-buffer-size=4 -Wformat -Wformat-security -D_FORTIFY_SOURCE=2 conftest.c >&5
configure:15734: $? = 0
configure:15734: gcc -c -g -O2 -fstack-protector --param=ssp-buffer-size=4 -Wformat -Wformat-security -D_FORTIFY_SOURCE=2 conftest.c >&5
conftest.c: In function 'main':
conftest.c:61:21: error: expected expression before ')' token
configure:15734: $? = 1
configure: failed program was:
| /* confdefs.h */
| #define PACKAGE_NAME "openbts"
| #define PACKAGE_TARNAME "openbts"
| #define PACKAGE_VERSION "5.0-master"
| #define PACKAGE_STRING "openbts 5.0-master"
| #define PACKAGE_BUGREPORT ""
| #define PACKAGE_URL ""
| #define PACKAGE "openbts"
| #define VERSION "5.0-master"
| #define STDC_HEADERS 1
| #define HAVE_SYS_TYPES_H 1
| #define HAVE_SYS_STAT_H 1
| #define HAVE_STDLIB_H 1
| #define HAVE_STRING_H 1
| #define HAVE_MEMORY_H 1
| #define HAVE_STRINGS_H 1
| #define HAVE_INTTYPES_H 1
| #define HAVE_STDINT_H 1
| #define HAVE_UNISTD_H 1
| #define HAVE_DLFCN_H 1
| #define LT_OBJDIR ".libs/"
| #define STDC_HEADERS 1
| #define HAVE_BYTESWAP_H 1
| /* end confdefs.h.  */
| #include <stdio.h>
| #ifdef HAVE_SYS_TYPES_H
| # include <sys/types.h>
| #endif
| #ifdef HAVE_SYS_STAT_H
| # include <sys/stat.h>
| #endif
| #ifdef STDC_HEADERS
| # include <stdlib.h>
| # include <stddef.h>
| #else
| # ifdef HAVE_STDLIB_H
| #  include <stdlib.h>
| # endif
| #endif
| #ifdef HAVE_STRING_H
| # if !defined STDC_HEADERS && defined HAVE_MEMORY_H
| #  include <memory.h>
| # endif
| # include <string.h>
| #endif
| #ifdef HAVE_STRINGS_H
| # include <strings.h>
| #endif
| #ifdef HAVE_INTTYPES_H
| # include <inttypes.h>
| #endif
| #ifdef HAVE_STDINT_H
| # include <stdint.h>
| #endif
| #ifdef HAVE_UNISTD_H
| # include <unistd.h>
| #endif
| int
| main ()
| {
| if (sizeof ((size_t)))
| 	    return 0;
|   ;
|   return 0;
| }
configure:15734: result: yes
configure:15745: checking whether time.h and sys/time.h may both be included
configure:15765: gcc -c -g -O2 -fstack-protector --param=ssp-buffer-size=4 -Wformat -Wformat-security -D_FORTIFY_SOURCE=2 conftest.c >&5
configure:15765: $? = 0
configure:15772: result: yes
configure:15780: checking whether byte ordering is bigendian
configure:15795: gcc -c -g -O2 -fstack-protector --param=ssp-buffer-size=4 -Wformat -Wformat-security -D_FORTIFY_SOURCE=2 conftest.c >&5
conftest.c:27:9: error: unknown type name 'not'
conftest.c:27:15: error: expected '=', ',', ';', 'asm' or '__attribute__' before 'universal'
conftest.c:27:15: error: unknown type name 'universal'
configure:15795: $? = 1
configure: failed program was:
| /* confdefs.h */
| #define PACKAGE_NAME "openbts"
| #define PACKAGE_TARNAME "openbts"
| #define PACKAGE_VERSION "5.0-master"
| #define PACKAGE_STRING "openbts 5.0-master"
| #define PACKAGE_BUGREPORT ""
| #define PACKAGE_URL ""
| #define PACKAGE "openbts"
| #define VERSION "5.0-master"
| #define STDC_HEADERS 1
| #define HAVE_SYS_TYPES_H 1
| #define HAVE_SYS_STAT_H 1
| #define HAVE_STDLIB_H 1
| #define HAVE_STRING_H 1
| #define HAVE_MEMORY_H 1
| #define HAVE_STRINGS_H 1
| #define HAVE_INTTYPES_H 1
| #define HAVE_STDINT_H 1
| #define HAVE_UNISTD_H 1
| #define HAVE_DLFCN_H 1
| #define LT_OBJDIR ".libs/"
| #define STDC_HEADERS 1
| #define HAVE_BYTESWAP_H 1
| #define TIME_WITH_SYS_TIME 1
| /* end confdefs.h.  */
| #ifndef __APPLE_CC__
| 	       not a universal capable compiler
| 	     #endif
| 	     typedef int dummy;
| 
configure:15840: gcc -c -g -O2 -fstack-protector --param=ssp-buffer-size=4 -Wformat -Wformat-security -D_FORTIFY_SOURCE=2 conftest.c >&5
configure:15840: $? = 0
configure:15858: gcc -c -g -O2 -fstack-protector --param=ssp-buffer-size=4 -Wformat -Wformat-security -D_FORTIFY_SOURCE=2 conftest.c >&5
conftest.c: In function 'main':
conftest.c:33:4: error: unknown type name 'not'
conftest.c:33:12: error: expected '=', ',', ';', 'asm' or '__attribute__' before 'endian'
configure:15858: $? = 1
configure: failed program was:
| /* confdefs.h */
| #define PACKAGE_NAME "openbts"
| #define PACKAGE_TARNAME "openbts"
| #define PACKAGE_VERSION "5.0-master"
| #define PACKAGE_STRING "openbts 5.0-master"
| #define PACKAGE_BUGREPORT ""
| #define PACKAGE_URL ""
| #define PACKAGE "openbts"
| #define VERSION "5.0-master"
| #define STDC_HEADERS 1
| #define HAVE_SYS_TYPES_H 1
| #define HAVE_SYS_STAT_H 1
| #define HAVE_STDLIB_H 1
| #define HAVE_STRING_H 1
| #define HAVE_MEMORY_H 1
| #define HAVE_STRINGS_H 1
| #define HAVE_INTTYPES_H 1
| #define HAVE_STDINT_H 1
| #define HAVE_UNISTD_H 1
| #define HAVE_DLFCN_H 1
| #define LT_OBJDIR ".libs/"
| #define STDC_HEADERS 1
| #define HAVE_BYTESWAP_H 1
| #define TIME_WITH_SYS_TIME 1
| /* end confdefs.h.  */
| #include <sys/types.h>
| 		#include <sys/param.h>
| 
| int
| main ()
| {
| #if BYTE_ORDER != BIG_ENDIAN
| 		 not big endian
| 		#endif
| 
|   ;
|   return 0;
| }
configure:15986: result: no
configure:16075: checking for pkg-config
configure:16093: found /usr/bin/pkg-config
configure:16105: result: /usr/bin/pkg-config
configure:16130: checking pkg-config is at least version 0.18
configure:16133: result: yes
configure:16149: checking for x86 cpuid  output
configure:16178: gcc -o conftest -g -O2 -fstack-protector --param=ssp-buffer-size=4 -Wformat -Wformat-security -D_FORTIFY_SOURCE=2 -Wl,-Bsymbolic-functions -Wl,-z,relro conftest.c  >&5
conftest.c: In function 'main':
conftest.c:31:15: error: expected expression before ',' token
configure:16178: $? = 1
configure: program exited with status 1
configure: failed program was:
| /* confdefs.h */
| #define PACKAGE_NAME "openbts"
| #define PACKAGE_TARNAME "openbts"
| #define PACKAGE_VERSION "5.0-master"
| #define PACKAGE_STRING "openbts 5.0-master"
| #define PACKAGE_BUGREPORT ""
| #define PACKAGE_URL ""
| #define PACKAGE "openbts"
| #define VERSION "5.0-master"
| #define STDC_HEADERS 1
| #define HAVE_SYS_TYPES_H 1
| #define HAVE_SYS_STAT_H 1
| #define HAVE_STDLIB_H 1
| #define HAVE_STRING_H 1
| #define HAVE_MEMORY_H 1
| #define HAVE_STRINGS_H 1
| #define HAVE_INTTYPES_H 1
| #define HAVE_STDINT_H 1
| #define HAVE_UNISTD_H 1
| #define HAVE_DLFCN_H 1
| #define LT_OBJDIR ".libs/"
| #define STDC_HEADERS 1
| #define HAVE_BYTESWAP_H 1
| #define TIME_WITH_SYS_TIME 1
| /* end confdefs.h.  */
| #include <stdio.h>
| int
| main ()
| {
| 
|      int op = , eax, ebx, ecx, edx;
|      FILE *f;
|       __asm__("cpuid"
|         : "=a" (eax), "=b" (ebx), "=c" (ecx), "=d" (edx)
|         : "a" (op));
|      f = fopen("conftest_cpuid", "w"); if (!f) return 1;
|      fprintf(f, "%x:%x:%x:%x\n", eax, ebx, ecx, edx);
|      fclose(f);
|      return 0;
| 
|   ;
|   return 0;
| }
configure:16188: result: unknown
configure:16204: checking for x86-AVX xgetbv  output
configure:16234: gcc -o conftest -g -O2 -fstack-protector --param=ssp-buffer-size=4 -Wformat -Wformat-security -D_FORTIFY_SOURCE=2 -Wl,-Bsymbolic-functions -Wl,-z,relro conftest.c  >&5
conftest.c: In function 'main':
conftest.c:31:15: error: expected expression before ',' token
configure:16234: $? = 1
configure: program exited with status 1
configure: failed program was:
| /* confdefs.h */
| #define PACKAGE_NAME "openbts"
| #define PACKAGE_TARNAME "openbts"
| #define PACKAGE_VERSION "5.0-master"
| #define PACKAGE_STRING "openbts 5.0-master"
| #define PACKAGE_BUGREPORT ""
| #define PACKAGE_URL ""
| #define PACKAGE "openbts"
| #define VERSION "5.0-master"
| #define STDC_HEADERS 1
| #define HAVE_SYS_TYPES_H 1
| #define HAVE_SYS_STAT_H 1
| #define HAVE_STDLIB_H 1
| #define HAVE_STRING_H 1
| #define HAVE_MEMORY_H 1
| #define HAVE_STRINGS_H 1
| #define HAVE_INTTYPES_H 1
| #define HAVE_STDINT_H 1
| #define HAVE_UNISTD_H 1
| #define HAVE_DLFCN_H 1
| #define LT_OBJDIR ".libs/"
| #define STDC_HEADERS 1
| #define HAVE_BYTESWAP_H 1
| #define TIME_WITH_SYS_TIME 1
| /* end confdefs.h.  */
| #include <stdio.h>
| int
| main ()
| {
| 
|      int op = , eax, edx;
|      FILE *f;
|       /* Opcodes for xgetbv */
|       __asm__(".byte 0x0f, 0x01, 0xd0"
|         : "=a" (eax), "=d" (edx)
|         : "c" (op));
|      f = fopen("conftest_xgetbv", "w"); if (!f) return 1;
|      fprintf(f, "%x:%x\n", eax, edx);
|      fclose(f);
|      return 0;
| 
|   ;
|   return 0;
| }
configure:16244: result: unknown
configure:17061: checking for UHD
configure:17069: $PKG_CONFIG --exists --print-errors "uhd >= 003.004.000"
configure:17072: $? = 0
configure:17109: $PKG_CONFIG --exists --print-errors "uhd >= 003.004.000"
configure:17112: $? = 0
configure:17129: $PKG_CONFIG --exists --print-errors "uhd >= 003.004.000"
configure:17132: $? = 0
configure:17199: result: yes
configure:17222: checking for x86 cpuid 0x00000001 output
configure:17251: gcc -o conftest -g -O2 -fstack-protector --param=ssp-buffer-size=4 -Wformat -Wformat-security -D_FORTIFY_SOURCE=2 -Wl,-Bsymbolic-functions -Wl,-z,relro conftest.c  >&5
configure:17251: $? = 0
configure:17251: ./conftest
configure:17251: $? = 0
configure:17261: result: 306d4:1020800:defa2203:178bfbff
configure:17273: checking whether mmx is supported
configure:17285: result: yes
configure:17288: checking whether sse is supported
configure:17300: result: yes
configure:17303: checking whether sse2 is supported
configure:17315: result: yes
configure:17318: checking whether sse3 is supported
configure:17330: result: yes
configure:17333: checking whether ssse3 is supported
configure:17345: result: yes
configure:17348: checking whether sse4.1 is supported
configure:17360: result: yes
configure:17363: checking whether sse4.2 is supported
configure:17375: result: yes
configure:17378: checking whether avx is supported by processor
configure:17390: result: yes
configure:17401: checking for x86-AVX xgetbv 0x00000000 output
configure:17431: gcc -o conftest -g -O2 -fstack-protector --param=ssp-buffer-size=4 -Wformat -Wformat-security -D_FORTIFY_SOURCE=2 -Wl,-Bsymbolic-functions -Wl,-z,relro conftest.c  >&5
configure:17431: $? = 0
configure:17431: ./conftest
configure:17431: $? = 0
configure:17441: result: 7:0
configure:17456: checking whether avx is supported by operating system
configure:17471: result: yes
configure:17480: checking whether C compiler accepts -mmmx
configure:17499: gcc -c -g -O2 -fstack-protector --param=ssp-buffer-size=4 -Wformat -Wformat-security  -mmmx -D_FORTIFY_SOURCE=2 conftest.c >&5
configure:17499: $? = 0
configure:17507: result: yes
configure:17527: checking whether C compiler accepts -msse
configure:17546: gcc -c -g -O2 -fstack-protector --param=ssp-buffer-size=4 -Wformat -Wformat-security  -msse -D_FORTIFY_SOURCE=2 conftest.c >&5
configure:17546: $? = 0
configure:17554: result: yes
configure:17574: checking whether C compiler accepts -msse2
configure:17593: gcc -c -g -O2 -fstack-protector --param=ssp-buffer-size=4 -Wformat -Wformat-security  -msse2 -D_FORTIFY_SOURCE=2 conftest.c >&5
configure:17593: $? = 0
configure:17601: result: yes
configure:17621: checking whether C compiler accepts -msse3
configure:17640: gcc -c -g -O2 -fstack-protector --param=ssp-buffer-size=4 -Wformat -Wformat-security  -msse3 -D_FORTIFY_SOURCE=2 conftest.c >&5
configure:17640: $? = 0
configure:17648: result: yes
configure:17668: checking whether C compiler accepts -mssse3
configure:17687: gcc -c -g -O2 -fstack-protector --param=ssp-buffer-size=4 -Wformat -Wformat-security  -mssse3 -D_FORTIFY_SOURCE=2 conftest.c >&5
configure:17687: $? = 0
configure:17695: result: yes
configure:17715: checking whether C compiler accepts -msse4.1
configure:17734: gcc -c -g -O2 -fstack-protector --param=ssp-buffer-size=4 -Wformat -Wformat-security  -msse4.1 -D_FORTIFY_SOURCE=2 conftest.c >&5
configure:17734: $? = 0
configure:17742: result: yes
configure:17762: checking whether C compiler accepts -msse4.2
configure:17781: gcc -c -g -O2 -fstack-protector --param=ssp-buffer-size=4 -Wformat -Wformat-security  -msse4.2 -D_FORTIFY_SOURCE=2 conftest.c >&5
configure:17781: $? = 0
configure:17789: result: yes
configure:17809: checking whether C compiler accepts -mavx
configure:17828: gcc -c -g -O2 -fstack-protector --param=ssp-buffer-size=4 -Wformat -Wformat-security  -mavx -D_FORTIFY_SOURCE=2 conftest.c >&5
configure:17828: $? = 0
configure:17836: result: yes
configure:17894: checking for zmq_init in -lzmq
configure:17919: gcc -o conftest -g -O2 -fstack-protector --param=ssp-buffer-size=4 -Wformat -Wformat-security -D_FORTIFY_SOURCE=2 -Wl,-Bsymbolic-functions -Wl,-z,relro conftest.c -lzmq   >&5
configure:17919: $? = 0
configure:17928: result: yes
configure:17941: checking whether libzmq installation works
configure:17954: gcc -o conftest -g -O2 -fstack-protector --param=ssp-buffer-size=4 -Wformat -Wformat-security -D_FORTIFY_SOURCE=2 -Wl,-Bsymbolic-functions -Wl,-z,relro conftest.c -lzmq  >&5
configure:17954: $? = 0
configure:17955: result: yes
configure:17966: checking for _init in -la53
configure:17991: gcc -o conftest -g -O2 -fstack-protector --param=ssp-buffer-size=4 -Wformat -Wformat-security -D_FORTIFY_SOURCE=2 -Wl,-Bsymbolic-functions -Wl,-z,relro conftest.c -la53  -lzmq  >&5
configure:17991: $? = 0
configure:18000: result: yes
configure:18014: checking ortp api version
configure:18025: result: < 0.22.0
configure:18031: checking for gethostbyname_r
configure:18031: gcc -o conftest -g -O2 -fstack-protector --param=ssp-buffer-size=4 -Wformat -Wformat-security -D_FORTIFY_SOURCE=2 -Wl,-Bsymbolic-functions -Wl,-z,relro conftest.c -la53 -lzmq  >&5
configure:18031: $? = 0
configure:18031: result: yes
configure:18038: checking for gethostbyname2_r
configure:18038: gcc -o conftest -g -O2 -fstack-protector --param=ssp-buffer-size=4 -Wformat -Wformat-security -D_FORTIFY_SOURCE=2 -Wl,-Bsymbolic-functions -Wl,-z,relro conftest.c -la53 -lzmq  >&5
configure:18038: $? = 0
configure:18038: result: yes
configure:18195: creating ./config.status

## ---------------------- ##
## Running config.status. ##
## ---------------------- ##

This file was extended by openbts config.status 5.0-master, which was
generated by GNU Autoconf 2.68.  Invocation command line was

  CONFIG_FILES    = 
  CONFIG_HEADERS  = 
  CONFIG_LINKS    = 
  CONFIG_COMMANDS = 
  $ ./config.status 

on openbts

config.status:1210: creating Makefile
config.status:1210: creating apps/Makefile
config.status:1210: creating config/Makefile
config.status:1210: creating doc/Makefile
config.status:1210: creating CommonLibs/Makefile
config.status:1210: creating Globals/Makefile
config.status:1210: creating Control/Makefile
config.status:1210: creating GSMShare/Makefile
config.status:1210: creating GSM/Makefile
config.status:1210: creating GPRS/Makefile
config.status:1210: creating SGSNGGSN/Makefile
config.status:1210: creating SIP/Makefile
config.status:1210: creating SMS/Makefile
config.status:1210: creating TransceiverRAD1/Makefile
config.status:1210: creating Transceiver52M/Makefile
config.status:1210: creating TRXManager/Makefile
config.status:1210: creating CLI/Makefile
config.status:1210: creating Peering/Makefile
config.status:1210: creating NodeManager/Makefile
config.status:1210: creating Scanning/Makefile
config.status:1210: creating config.h
config.status:1391: config.h is unchanged
config.status:1439: executing depfiles commands
config.status:1439: executing libtool commands

## ---------------- ##
## Cache variables. ##
## ---------------- ##

ac_cv_build=i686-pc-linux-gnu
ac_cv_c_bigendian=no
ac_cv_c_compiler_gnu=yes
ac_cv_c_const=yes
ac_cv_c_inline=inline
ac_cv_cxx_compiler_gnu=yes
ac_cv_env_CCASFLAGS_set=
ac_cv_env_CCASFLAGS_value=
ac_cv_env_CCAS_set=
ac_cv_env_CCAS_value=
ac_cv_env_CCC_set=
ac_cv_env_CCC_value=
ac_cv_env_CC_set=
ac_cv_env_CC_value=
ac_cv_env_CFLAGS_set=set
ac_cv_env_CFLAGS_value='-g -O2 -fstack-protector --param=ssp-buffer-size=4 -Wformat -Wformat-security'
ac_cv_env_CPPFLAGS_set=set
ac_cv_env_CPPFLAGS_value=-D_FORTIFY_SOURCE=2
ac_cv_env_CPP_set=
ac_cv_env_CPP_value=
ac_cv_env_CXXCPP_set=
ac_cv_env_CXXCPP_value=
ac_cv_env_CXXFLAGS_set=set
ac_cv_env_CXXFLAGS_value='-g -O2 -fstack-protector --param=ssp-buffer-size=4 -Wformat -Wformat-security'
ac_cv_env_CXX_set=
ac_cv_env_CXX_value=
ac_cv_env_LDFLAGS_set=set
ac_cv_env_LDFLAGS_value='-Wl,-Bsymbolic-functions -Wl,-z,relro'
ac_cv_env_LIBS_set=
ac_cv_env_LIBS_value=
ac_cv_env_PKG_CONFIG_set=
ac_cv_env_PKG_CONFIG_value=
ac_cv_env_UHD_CFLAGS_set=
ac_cv_env_UHD_CFLAGS_value=
ac_cv_env_UHD_INCLUDEDIR_set=
ac_cv_env_UHD_INCLUDEDIR_value=
ac_cv_env_UHD_LIBS_set=
ac_cv_env_UHD_LIBS_value=
ac_cv_env_USRP_CFLAGS_set=
ac_cv_env_USRP_CFLAGS_value=
ac_cv_env_USRP_INCLUDEDIR_set=
ac_cv_env_USRP_INCLUDEDIR_value=
ac_cv_env_USRP_LIBS_set=
ac_cv_env_USRP_LIBS_value=
ac_cv_env_build_alias_set=
ac_cv_env_build_alias_value=
ac_cv_env_host_alias_set=
ac_cv_env_host_alias_value=
ac_cv_env_target_alias_set=
ac_cv_env_target_alias_value=
ac_cv_func_gethostbyname2_r=yes
ac_cv_func_gethostbyname_r=yes
ac_cv_header_byteswap_h=yes
ac_cv_header_dlfcn_h=yes
ac_cv_header_inttypes_h=yes
ac_cv_header_memory_h=yes
ac_cv_header_stdc=yes
ac_cv_header_stdint_h=yes
ac_cv_header_stdlib_h=yes
ac_cv_header_string_h=yes
ac_cv_header_strings_h=yes
ac_cv_header_sys_stat_h=yes
ac_cv_header_sys_types_h=yes
ac_cv_header_time=yes
ac_cv_header_unistd_h=yes
ac_cv_host=i686-pc-linux-gnu
ac_cv_lib_a53__init=yes
ac_cv_lib_zmq_zmq_init=yes
ac_cv_objext=o
ac_cv_path_EGREP='/bin/grep -E'
ac_cv_path_FGREP='/bin/grep -F'
ac_cv_path_GREP=/bin/grep
ac_cv_path_RM_PROG=/bin/rm
ac_cv_path_SED=/bin/sed
ac_cv_path_ac_pt_PKG_CONFIG=/usr/bin/pkg-config
ac_cv_path_install='/usr/bin/install -c'
ac_cv_path_mkdir=/bin/mkdir
ac_cv_prog_AWK=mawk
ac_cv_prog_CPP='gcc -E'
ac_cv_prog_CXXCPP='g++ -E'
ac_cv_prog_ac_ct_AR=ar
ac_cv_prog_ac_ct_CC=gcc
ac_cv_prog_ac_ct_CXX=g++
ac_cv_prog_ac_ct_MANIFEST_TOOL=mt
ac_cv_prog_ac_ct_OBJDUMP=objdump
ac_cv_prog_ac_ct_RANLIB=ranlib
ac_cv_prog_ac_ct_STRIP=strip
ac_cv_prog_cc_c89=
ac_cv_prog_cc_g=yes
ac_cv_prog_cxx_g=yes
ac_cv_prog_make_make_set=yes
ac_cv_target=i686-pc-linux-gnu
ac_cv_type_size_t=yes
am_cv_CCAS_dependencies_compiler_type=gcc3
am_cv_CC_dependencies_compiler_type=gcc3
am_cv_CXX_dependencies_compiler_type=gcc3
ax_cv_check_cflags___mavx=yes
ax_cv_check_cflags___mmmx=yes
ax_cv_check_cflags___msse2=yes
ax_cv_check_cflags___msse3=yes
ax_cv_check_cflags___msse4_1=yes
ax_cv_check_cflags___msse4_2=yes
ax_cv_check_cflags___msse=yes
ax_cv_check_cflags___mssse3=yes
ax_cv_gcc_x86_avx_xgetbv_0x00000000=7:0
ax_cv_gcc_x86_avx_xgetbv_=unknown
ax_cv_gcc_x86_cpuid_0x00000001=306d4:1020800:defa2203:178bfbff
ax_cv_gcc_x86_cpuid_=unknown
ax_cv_have_avx_cpu_ext=yes
ax_cv_have_avx_ext=yes
ax_cv_have_mmx_ext=yes
ax_cv_have_sse2_ext=yes
ax_cv_have_sse3_ext=yes
ax_cv_have_sse41_ext=yes
ax_cv_have_sse42_ext=yes
ax_cv_have_sse_ext=yes
ax_cv_have_ssse3_ext=yes
ax_cv_support_avx_ext=yes
ax_cv_support_mmx_ext=yes
ax_cv_support_sse2_ext=yes
ax_cv_support_sse3_ext=yes
ax_cv_support_sse41_ext=yes
ax_cv_support_sse42_ext=yes
ax_cv_support_sse_ext=yes
ax_cv_support_ssse3_ext=yes
lt_cv_ar_at_file=@
lt_cv_archive_cmds_need_lc=no
lt_cv_deplibs_check_method=pass_all
lt_cv_file_magic_cmd='$MAGIC_CMD'
lt_cv_file_magic_test_file=
lt_cv_ld_reload_flag=-r
lt_cv_nm_interface='BSD nm'
lt_cv_objdir=.libs
lt_cv_path_LD=/usr/bin/ld
lt_cv_path_LDCXX=/usr/bin/ld
lt_cv_path_NM='/usr/bin/nm -B'
lt_cv_path_mainfest_tool=no
lt_cv_prog_compiler_c_o=yes
lt_cv_prog_compiler_c_o_CXX=yes
lt_cv_prog_compiler_pic='-fPIC -DPIC'
lt_cv_prog_compiler_pic_CXX='-fPIC -DPIC'
lt_cv_prog_compiler_pic_works=yes
lt_cv_prog_compiler_pic_works_CXX=yes
lt_cv_prog_compiler_rtti_exceptions=no
lt_cv_prog_compiler_static_works=yes
lt_cv_prog_compiler_static_works_CXX=yes
lt_cv_prog_gnu_ld=yes
lt_cv_prog_gnu_ldcxx=yes
lt_cv_sharedlib_from_linklib_cmd='printf %s\n'
lt_cv_shlibpath_overrides_runpath=no
lt_cv_sys_global_symbol_pipe='sed -n -e '\''s/^.*[	 ]\([ABCDGIRSTW][ABCDGIRSTW]*\)[	 ][	 ]*\([_A-Za-z][_A-Za-z0-9]*\)$/\1 \2 \2/p'\'' | sed '\''/ __gnu_lto/d'\'''
lt_cv_sys_global_symbol_to_c_name_address='sed -n -e '\''s/^: \([^ ]*\)[ ]*$/  {\"\1\", (void *) 0},/p'\'' -e '\''s/^[ABCDGIRSTW]* \([^ ]*\) \([^ ]*\)$/  {"\2", (void *) \&\2},/p'\'''
lt_cv_sys_global_symbol_to_c_name_address_lib_prefix='sed -n -e '\''s/^: \([^ ]*\)[ ]*$/  {\"\1\", (void *) 0},/p'\'' -e '\''s/^[ABCDGIRSTW]* \([^ ]*\) \(lib[^ ]*\)$/  {"\2", (void *) \&\2},/p'\'' -e '\''s/^[ABCDGIRSTW]* \([^ ]*\) \([^ ]*\)$/  {"lib\2", (void *) \&\2},/p'\'''
lt_cv_sys_global_symbol_to_cdecl='sed -n -e '\''s/^T .* \(.*\)$/extern int \1();/p'\'' -e '\''s/^[ABCDGIRSTW]* .* \(.*\)$/extern char \1;/p'\'''
lt_cv_sys_max_cmd_len=805306365
lt_cv_to_host_file_cmd=func_convert_file_noop
lt_cv_to_tool_file_cmd=func_convert_file_noop
pkg_cv_UHD_CFLAGS=' '
pkg_cv_UHD_CPPFLAGS=
pkg_cv_UHD_INCLUDEDIR=/usr/include
pkg_cv_UHD_LIBS='-luhd  '

## ----------------- ##
## Output variables. ##
## ----------------- ##

ACLOCAL='${SHELL} /home/openbts/dev/openbts/missing --run aclocal-1.11'
AMDEPBACKSLASH='\'
AMDEP_FALSE='#'
AMDEP_TRUE=''
AMTAR='$${TAR-tar}'
AR='ar'
AUTOCONF='${SHELL} /home/openbts/dev/openbts/missing --run autoconf'
AUTOHEADER='${SHELL} /home/openbts/dev/openbts/missing --run autoheader'
AUTOMAKE='${SHELL} /home/openbts/dev/openbts/missing --run automake-1.11'
AWK='mawk'
CC='gcc'
CCAS='gcc'
CCASDEPMODE='depmode=gcc3'
CCASFLAGS='-g -O2 -fstack-protector --param=ssp-buffer-size=4 -Wformat -Wformat-security'
CCDEPMODE='depmode=gcc3'
CFLAGS='-g -O2 -fstack-protector --param=ssp-buffer-size=4 -Wformat -Wformat-security'
CPP='gcc -E'
CPPFLAGS='-D_FORTIFY_SOURCE=2'
CXX='g++'
CXXCPP='g++ -E'
CXXDEPMODE='depmode=gcc3'
CXXFLAGS='-g -O2 -fstack-protector --param=ssp-buffer-size=4 -Wformat -Wformat-security'
CYGPATH_W='echo'
DEFS='-DHAVE_CONFIG_H'
DEPDIR='.deps'
DLLTOOL='false'
DSYMUTIL=''
DUMPBIN=''
ECHO_C=''
ECHO_N='-n'
ECHO_T=''
EGREP='/bin/grep -E'
EXEEXT=''
FGREP='/bin/grep -F'
GREP='/bin/grep'
INSTALL_DATA='${INSTALL} -m 644'
INSTALL_PROGRAM='${INSTALL}'
INSTALL_SCRIPT='${INSTALL}'
INSTALL_STRIP_PROGRAM='$(install_sh) -c -s'
LD='/usr/bin/ld'
LDFLAGS='-Wl,-Bsymbolic-functions -Wl,-z,relro'
LIBOBJS=''
LIBS='-la53 -lzmq '
LIBTOOL='$(SHELL) $(top_builddir)/libtool'
LIPO=''
LN_S='ln -s'
LTLIBOBJS=''
MAKEINFO='${SHELL} /home/openbts/dev/openbts/missing --run makeinfo'
MANIFEST_TOOL=':'
MKDIR_P='/bin/mkdir -p'
NM='/usr/bin/nm -B'
NMEDIT=''
OBJDUMP='objdump'
OBJEXT='o'
OTOOL64=''
OTOOL=''
PACKAGE='openbts'
PACKAGE_BUGREPORT=''
PACKAGE_NAME='openbts'
PACKAGE_STRING='openbts 5.0-master'
PACKAGE_TARNAME='openbts'
PACKAGE_URL=''
PACKAGE_VERSION='5.0-master'
PATH_SEPARATOR=':'
PKG_CONFIG='/usr/bin/pkg-config'
RANLIB='ranlib'
RM_PROG='/bin/rm'
SED='/bin/sed'
SET_MAKE=''
SHELL='/bin/bash'
SIMD_FLAGS=' -mmmx -msse -msse2 -msse3 -mssse3 -msse4.1 -msse4.2 -mavx'
STRIP='strip'
UHD_CFLAGS=' '
UHD_CPPFLAGS=''
UHD_FALSE='#'
UHD_INCLUDEDIR='/usr/include'
UHD_LIBS='-luhd  '
UHD_TRUE=''
USRP1_FALSE=''
USRP1_TRUE='#'
USRP_CFLAGS=''
USRP_CPPFLAGS=''
USRP_INCLUDEDIR=''
USRP_LIBS=''
VERSION='5.0-master'
ac_ct_AR='ar'
ac_ct_CC='gcc'
ac_ct_CXX='g++'
ac_ct_DUMPBIN=''
am__EXEEXT_FALSE=''
am__EXEEXT_TRUE='#'
am__fastdepCCAS_FALSE='#'
am__fastdepCCAS_TRUE=''
am__fastdepCC_FALSE='#'
am__fastdepCC_TRUE=''
am__fastdepCXX_FALSE='#'
am__fastdepCXX_TRUE=''
am__include='include'
am__isrc=''
am__leading_dot='.'
am__nodep='_no'
am__quote=''
am__tar='$${TAR-tar} chof - "$$tardir"'
am__untar='$${TAR-tar} xf -'
bindir='${exec_prefix}/bin'
build='i686-pc-linux-gnu'
build_alias=''
build_cpu='i686'
build_os='linux-gnu'
build_vendor='pc'
datadir='${datarootdir}'
datarootdir='${prefix}/share'
docdir='${datarootdir}/doc/${PACKAGE_TARNAME}'
dvidir='${docdir}'
exec_prefix='${prefix}'
host='i686-pc-linux-gnu'
host_alias=''
host_cpu='i686'
host_os='linux-gnu'
host_vendor='pc'
htmldir='${docdir}'
includedir='${prefix}/include'
infodir='${datarootdir}/info'
install_sh='${SHELL} /home/openbts/dev/openbts/install-sh'
libdir='${exec_prefix}/lib'
libexecdir='${exec_prefix}/libexec'
localedir='${datarootdir}/locale'
localstatedir='${prefix}/var'
mandir='${datarootdir}/man'
mkdir_p='/bin/mkdir -p'
oldincludedir='/usr/include'
pdfdir='${docdir}'
prefix='/usr/local'
program_transform_name='s,x,x,'
psdir='${docdir}'
sbindir='${exec_prefix}/sbin'
sharedstatedir='${prefix}/com'
sysconfdir='${prefix}/etc'
target='i686-pc-linux-gnu'
target_alias=''
target_cpu='i686'
target_os='linux-gnu'
target_vendor='pc'

## ----------- ##
## confdefs.h. ##
## ----------- ##

/* confdefs.h */
#define PACKAGE_NAME "openbts"
#define PACKAGE_TARNAME "openbts"
#define PACKAGE_VERSION "5.0-master"
#define PACKAGE_STRING "openbts 5.0-master"
#define PACKAGE_BUGREPORT ""
#define PACKAGE_URL ""
#define PACKAGE "openbts"
#define VERSION "5.0-master"
#define STDC_HEADERS 1
#define HAVE_SYS_TYPES_H 1
#define HAVE_SYS_STAT_H 1
#define HAVE_STDLIB_H 1
#define HAVE_STRING_H 1
#define HAVE_MEMORY_H 1
#define HAVE_STRINGS_H 1
#define HAVE_INTTYPES_H 1
#define HAVE_STDINT_H 1
#define HAVE_UNISTD_H 1
#define HAVE_DLFCN_H 1
#define LT_OBJDIR ".libs/"
#define STDC_HEADERS 1
#define HAVE_BYTESWAP_H 1
#define TIME_WITH_SYS_TIME 1
#define USE_UHD 1
#define HAVE_MMX /**/
#define HAVE_SSE /**/
#define HAVE_SSE2 /**/
#define HAVE_SSE3 /**/
#define HAVE_SSSE3 /**/
#define HAVE_SSE4_1 /**/
#define HAVE_SSE4_2 /**/
#define HAVE_AVX /**/
#define HAVE_LIBZMQ 1
#define HAVE_LIBA53 1
#define HAVE_GETHOSTBYNAME_R 1
#define HAVE_GETHOSTBYNAME2_R 1

configure: exit 0
