This file contains any messages produced by compilers while
running configure, to aid debugging if configure makes a mistake.

It was created by smqueue configure 5.0-master, which was
generated by GNU Autoconf 2.68.  Invocation command line was

  $ ./configure 

## --------- ##
## Platform. ##
## --------- ##

hostname = openbts
uname -m = i686
uname -r = 3.13.0-32-generic
uname -s = Linux
uname -v = #57~precise1-Ubuntu SMP Tue Jul 15 03:50:54 UTC 2014

/usr/bin/uname -p = unknown
/bin/uname -X     = unknown

/bin/arch              = unknown
/usr/bin/arch -k       = unknown
/usr/convex/getsysinfo = unknown
/usr/bin/hostinfo      = unknown
/bin/machine           = unknown
/usr/bin/oslevel       = unknown
/bin/universe          = unknown

PATH: /usr/lib/lightdm/lightdm
PATH: /usr/local/sbin
PATH: /usr/local/bin
PATH: /usr/sbin
PATH: /usr/bin
PATH: /sbin
PATH: /bin
PATH: /usr/games


## ----------- ##
## Core tests. ##
## ----------- ##

configure:2423: checking build system type
configure:2437: result: i686-pc-linux-gnu
configure:2457: checking host system type
configure:2470: result: i686-pc-linux-gnu
configure:2490: checking target system type
configure:2503: result: i686-pc-linux-gnu
configure:2575: checking for a BSD-compatible install
configure:2643: result: /usr/bin/install -c
configure:2654: checking whether build environment is sane
configure:2704: result: yes
configure:2845: checking for a thread-safe mkdir -p
configure:2884: result: /bin/mkdir -p
configure:2897: checking for gawk
configure:2927: result: no
configure:2897: checking for mawk
configure:2913: found /usr/bin/mawk
configure:2924: result: mawk
configure:2935: checking whether make sets $(MAKE)
configure:2957: result: yes
configure:3054: checking for style of include used by make
configure:3082: result: GNU
configure:3153: checking for gcc
configure:3169: found /usr/bin/gcc
configure:3180: result: gcc
configure:3409: checking for C compiler version
configure:3418: gcc --version >&5
gcc (Ubuntu/Linaro 4.6.3-1ubuntu5) 4.6.3
Copyright (C) 2011 Free Software Foundation, Inc.
This is free software; see the source for copying conditions.  There is NO
warranty; not even for MERCHANTABILITY or FITNESS FOR A PARTICULAR PURPOSE.

configure:3429: $? = 0
configure:3418: gcc -v >&5
Using built-in specs.
COLLECT_GCC=gcc
COLLECT_LTO_WRAPPER=/usr/lib/gcc/i686-linux-gnu/4.6/lto-wrapper
Target: i686-linux-gnu
Configured with: ../src/configure -v --with-pkgversion='Ubuntu/Linaro 4.6.3-1ubuntu5' --with-bugurl=file:///usr/share/doc/gcc-4.6/README.Bugs --enable-languages=c,c++,fortran,objc,obj-c++ --prefix=/usr --program-suffix=-4.6 --enable-shared --enable-linker-build-id --with-system-zlib --libexecdir=/usr/lib --without-included-gettext --enable-threads=posix --with-gxx-include-dir=/usr/include/c++/4.6 --libdir=/usr/lib --enable-nls --with-sysroot=/ --enable-clocale=gnu --enable-libstdcxx-debug --enable-libstdcxx-time=yes --enable-gnu-unique-object --enable-plugin --enable-objc-gc --enable-targets=all --disable-werror --with-arch-32=i686 --with-tune=generic --enable-checking=release --build=i686-linux-gnu --host=i686-linux-gnu --target=i686-linux-gnu
Thread model: posix
gcc version 4.6.3 (Ubuntu/Linaro 4.6.3-1ubuntu5) 
configure:3429: $? = 0
configure:3418: gcc -V >&5
gcc: error: unrecognized option '-V'
gcc: fatal error: no input files
compilation terminated.
configure:3429: $? = 4
configure:3418: gcc -qversion >&5
gcc: error: unrecognized option '-qversion'
gcc: fatal error: no input files
compilation terminated.
configure:3429: $? = 4
configure:3449: checking whether the C compiler works
configure:3471: gcc -g -O2 -fstack-protector --param=ssp-buffer-size=4 -Wformat -Wformat-security -D_FORTIFY_SOURCE=2 -Wl,-Bsymbolic-functions -Wl,-z,relro conftest.c  >&5
configure:3475: $? = 0
configure:3523: result: yes
configure:3526: checking for C compiler default output file name
configure:3528: result: a.out
configure:3534: checking for suffix of executables
configure:3541: gcc -o conftest -g -O2 -fstack-protector --param=ssp-buffer-size=4 -Wformat -Wformat-security -D_FORTIFY_SOURCE=2 -Wl,-Bsymbolic-functions -Wl,-z,relro conftest.c  >&5
configure:3545: $? = 0
configure:3567: result: 
configure:3589: checking whether we are cross compiling
configure:3597: gcc -o conftest -g -O2 -fstack-protector --param=ssp-buffer-size=4 -Wformat -Wformat-security -D_FORTIFY_SOURCE=2 -Wl,-Bsymbolic-functions -Wl,-z,relro conftest.c  >&5
configure:3601: $? = 0
configure:3608: ./conftest
configure:3612: $? = 0
configure:3627: result: no
configure:3632: checking for suffix of object files
configure:3654: gcc -c -g -O2 -fstack-protector --param=ssp-buffer-size=4 -Wformat -Wformat-security -D_FORTIFY_SOURCE=2 conftest.c >&5
configure:3658: $? = 0
configure:3679: result: o
configure:3683: checking whether we are using the GNU C compiler
configure:3702: gcc -c -g -O2 -fstack-protector --param=ssp-buffer-size=4 -Wformat -Wformat-security -D_FORTIFY_SOURCE=2 conftest.c >&5
configure:3702: $? = 0
configure:3711: result: yes
configure:3720: checking whether gcc accepts -g
configure:3740: gcc -c -g -D_FORTIFY_SOURCE=2 conftest.c >&5
configure:3740: $? = 0
configure:3781: result: yes
configure:3798: checking for gcc option to accept ISO C89
configure:3862: gcc  -c -g -O2 -fstack-protector --param=ssp-buffer-size=4 -Wformat -Wformat-security -D_FORTIFY_SOURCE=2 conftest.c >&5
configure:3862: $? = 0
configure:3875: result: none needed
configure:3897: checking dependency style of gcc
configure:4008: result: gcc3
configure:4032: checking dependency style of gcc
configure:4141: result: gcc3
configure:4214: checking for g++
configure:4230: found /usr/bin/g++
configure:4241: result: g++
configure:4268: checking for C++ compiler version
configure:4277: g++ --version >&5
g++ (Ubuntu/Linaro 4.6.3-1ubuntu5) 4.6.3
Copyright (C) 2011 Free Software Foundation, Inc.
This is free software; see the source for copying conditions.  There is NO
warranty; not even for MERCHANTABILITY or FITNESS FOR A PARTICULAR PURPOSE.

configure:4288: $? = 0
configure:4277: g++ -v >&5
Using built-in specs.
COLLECT_GCC=g++
COLLECT_LTO_WRAPPER=/usr/lib/gcc/i686-linux-gnu/4.6/lto-wrapper
Target: i686-linux-gnu
Configured with: ../src/configure -v --with-pkgversion='Ubuntu/Linaro 4.6.3-1ubuntu5' --with-bugurl=file:///usr/share/doc/gcc-4.6/README.Bugs --enable-languages=c,c++,fortran,objc,obj-c++ --prefix=/usr --program-suffix=-4.6 --enable-shared --enable-linker-build-id --with-system-zlib --libexecdir=/usr/lib --without-included-gettext --enable-threads=posix --with-gxx-include-dir=/usr/include/c++/4.6 --libdir=/usr/lib --enable-nls --with-sysroot=/ --enable-clocale=gnu --enable-libstdcxx-debug --enable-libstdcxx-time=yes --enable-gnu-unique-object --enable-plugin --enable-objc-gc --enable-targets=all --disable-werror --with-arch-32=i686 --with-tune=generic --enable-checking=release --build=i686-linux-gnu --host=i686-linux-gnu --target=i686-linux-gnu
Thread model: posix
gcc version 4.6.3 (Ubuntu/Linaro 4.6.3-1ubuntu5) 
configure:4288: $? = 0
configure:4277: g++ -V >&5
g++: error: unrecognized option '-V'
g++: fatal error: no input files
compilation terminated.
configure:4288: $? = 4
configure:4277: g++ -qversion >&5
g++: error: unrecognized option '-qversion'
g++: fatal error: no input files
compilation terminated.
configure:4288: $? = 4
configure:4292: checking whether we are using the GNU C++ compiler
configure:4311: g++ -c -g -O2 -fstack-protector --param=ssp-buffer-size=4 -Wformat -Wformat-security -D_FORTIFY_SOURCE=2 conftest.cpp >&5
configure:4311: $? = 0
configure:4320: result: yes
configure:4329: checking whether g++ accepts -g
configure:4349: g++ -c -g -D_FORTIFY_SOURCE=2 conftest.cpp >&5
configure:4349: $? = 0
configure:4390: result: yes
configure:4415: checking dependency style of g++
configure:4526: result: gcc3
configure:4541: checking whether ln -s works
configure:4545: result: yes
configure:4552: checking whether make sets $(MAKE)
configure:4574: result: yes
configure:4586: checking for rm
configure:4604: found /bin/rm
configure:4616: result: /bin/rm
configure:4731: checking how to print strings
configure:4758: result: printf
configure:4779: checking for a sed that does not truncate output
configure:4843: result: /bin/sed
configure:4861: checking for grep that handles long lines and -e
configure:4919: result: /bin/grep
configure:4924: checking for egrep
configure:4986: result: /bin/grep -E
configure:4991: checking for fgrep
configure:5053: result: /bin/grep -F
configure:5088: checking for ld used by gcc
configure:5155: result: /usr/bin/ld
configure:5162: checking if the linker (/usr/bin/ld) is GNU ld
configure:5177: result: yes
configure:5189: checking for BSD- or MS-compatible name lister (nm)
configure:5238: result: /usr/bin/nm -B
configure:5368: checking the name lister (/usr/bin/nm -B) interface
configure:5375: gcc -c -g -O2 -fstack-protector --param=ssp-buffer-size=4 -Wformat -Wformat-security -D_FORTIFY_SOURCE=2 conftest.c >&5
configure:5378: /usr/bin/nm -B "conftest.o"
configure:5381: output
00000000 B some_variable
configure:5388: result: BSD nm
configure:5392: checking the maximum length of command line arguments
configure:5522: result: 805306365
configure:5539: checking whether the shell understands some XSI constructs
configure:5549: result: yes
configure:5553: checking whether the shell understands "+="
configure:5559: result: yes
configure:5594: checking how to convert i686-pc-linux-gnu file names to i686-pc-linux-gnu format
configure:5634: result: func_convert_file_noop
configure:5641: checking how to convert i686-pc-linux-gnu file names to toolchain format
configure:5661: result: func_convert_file_noop
configure:5668: checking for /usr/bin/ld option to reload object files
configure:5675: result: -r
configure:5749: checking for objdump
configure:5765: found /usr/bin/objdump
configure:5776: result: objdump
configure:5808: checking how to recognize dependent libraries
configure:6010: result: pass_all
configure:6095: checking for dlltool
configure:6125: result: no
configure:6155: checking how to associate runtime and link libraries
configure:6182: result: printf %s\n
configure:6243: checking for ar
configure:6259: found /usr/bin/ar
configure:6270: result: ar
configure:6307: checking for archiver @FILE support
configure:6324: gcc -c -g -O2 -fstack-protector --param=ssp-buffer-size=4 -Wformat -Wformat-security -D_FORTIFY_SOURCE=2 conftest.c >&5
configure:6324: $? = 0
configure:6327: ar cru libconftest.a @conftest.lst >&5
configure:6330: $? = 0
configure:6335: ar cru libconftest.a @conftest.lst >&5
ar: conftest.o: No such file or directory
configure:6338: $? = 1
configure:6350: result: @
configure:6408: checking for strip
configure:6424: found /usr/bin/strip
configure:6435: result: strip
configure:6507: checking for ranlib
configure:6523: found /usr/bin/ranlib
configure:6534: result: ranlib
configure:6636: checking command to parse /usr/bin/nm -B output from gcc object
configure:6756: gcc -c -g -O2 -fstack-protector --param=ssp-buffer-size=4 -Wformat -Wformat-security -D_FORTIFY_SOURCE=2 conftest.c >&5
configure:6759: $? = 0
configure:6763: /usr/bin/nm -B conftest.o \| sed -n -e 's/^.*[ ]\([ABCDGIRSTW][ABCDGIRSTW]*\)[ ][ ]*\([_A-Za-z][_A-Za-z0-9]*\)$/\1 \2 \2/p' | sed '/ __gnu_lto/d' \> conftest.nm
configure:6766: $? = 0
configure:6832: gcc -o conftest -g -O2 -fstack-protector --param=ssp-buffer-size=4 -Wformat -Wformat-security -D_FORTIFY_SOURCE=2 -Wl,-Bsymbolic-functions -Wl,-z,relro conftest.c conftstm.o >&5
configure:6835: $? = 0
configure:6873: result: ok
configure:6910: checking for sysroot
configure:6940: result: no
configure:7196: checking for mt
configure:7212: found /bin/mt
configure:7223: result: mt
configure:7246: checking if mt is a manifest tool
configure:7252: mt '-?'
configure:7260: result: no
configure:7902: checking how to run the C preprocessor
configure:7933: gcc -E -D_FORTIFY_SOURCE=2 conftest.c
configure:7933: $? = 0
configure:7947: gcc -E -D_FORTIFY_SOURCE=2 conftest.c
conftest.c:11:28: fatal error: ac_nonexistent.h: No such file or directory
compilation terminated.
configure:7947: $? = 1
configure: failed program was:
| /* confdefs.h */
| #define PACKAGE_NAME "smqueue"
| #define PACKAGE_TARNAME "smqueue"
| #define PACKAGE_VERSION "5.0-master"
| #define PACKAGE_STRING "smqueue 5.0-master"
| #define PACKAGE_BUGREPORT ""
| #define PACKAGE_URL ""
| #define PACKAGE "smqueue"
| #define VERSION "5.0-master"
| /* end confdefs.h.  */
| #include <ac_nonexistent.h>
configure:7972: result: gcc -E
configure:7992: gcc -E -D_FORTIFY_SOURCE=2 conftest.c
configure:7992: $? = 0
configure:8006: gcc -E -D_FORTIFY_SOURCE=2 conftest.c
conftest.c:11:28: fatal error: ac_nonexistent.h: No such file or directory
compilation terminated.
configure:8006: $? = 1
configure: failed program was:
| /* confdefs.h */
| #define PACKAGE_NAME "smqueue"
| #define PACKAGE_TARNAME "smqueue"
| #define PACKAGE_VERSION "5.0-master"
| #define PACKAGE_STRING "smqueue 5.0-master"
| #define PACKAGE_BUGREPORT ""
| #define PACKAGE_URL ""
| #define PACKAGE "smqueue"
| #define VERSION "5.0-master"
| /* end confdefs.h.  */
| #include <ac_nonexistent.h>
configure:8035: checking for ANSI C header files
configure:8055: gcc -c -g -O2 -fstack-protector --param=ssp-buffer-size=4 -Wformat -Wformat-security -D_FORTIFY_SOURCE=2 conftest.c >&5
configure:8055: $? = 0
configure:8128: gcc -o conftest -g -O2 -fstack-protector --param=ssp-buffer-size=4 -Wformat -Wformat-security -D_FORTIFY_SOURCE=2 -Wl,-Bsymbolic-functions -Wl,-z,relro conftest.c  >&5
configure:8128: $? = 0
configure:8128: ./conftest
configure:8128: $? = 0
configure:8139: result: yes
configure:8152: checking for sys/types.h
configure:8152: gcc -c -g -O2 -fstack-protector --param=ssp-buffer-size=4 -Wformat -Wformat-security -D_FORTIFY_SOURCE=2 conftest.c >&5
configure:8152: $? = 0
configure:8152: result: yes
configure:8152: checking for sys/stat.h
configure:8152: gcc -c -g -O2 -fstack-protector --param=ssp-buffer-size=4 -Wformat -Wformat-security -D_FORTIFY_SOURCE=2 conftest.c >&5
configure:8152: $? = 0
configure:8152: result: yes
configure:8152: checking for stdlib.h
configure:8152: gcc -c -g -O2 -fstack-protector --param=ssp-buffer-size=4 -Wformat -Wformat-security -D_FORTIFY_SOURCE=2 conftest.c >&5
configure:8152: $? = 0
configure:8152: result: yes
configure:8152: checking for string.h
configure:8152: gcc -c -g -O2 -fstack-protector --param=ssp-buffer-size=4 -Wformat -Wformat-security -D_FORTIFY_SOURCE=2 conftest.c >&5
configure:8152: $? = 0
configure:8152: result: yes
configure:8152: checking for memory.h
configure:8152: gcc -c -g -O2 -fstack-protector --param=ssp-buffer-size=4 -Wformat -Wformat-security -D_FORTIFY_SOURCE=2 conftest.c >&5
configure:8152: $? = 0
configure:8152: result: yes
configure:8152: checking for strings.h
configure:8152: gcc -c -g -O2 -fstack-protector --param=ssp-buffer-size=4 -Wformat -Wformat-security -D_FORTIFY_SOURCE=2 conftest.c >&5
configure:8152: $? = 0
configure:8152: result: yes
configure:8152: checking for inttypes.h
configure:8152: gcc -c -g -O2 -fstack-protector --param=ssp-buffer-size=4 -Wformat -Wformat-security -D_FORTIFY_SOURCE=2 conftest.c >&5
configure:8152: $? = 0
configure:8152: result: yes
configure:8152: checking for stdint.h
configure:8152: gcc -c -g -O2 -fstack-protector --param=ssp-buffer-size=4 -Wformat -Wformat-security -D_FORTIFY_SOURCE=2 conftest.c >&5
configure:8152: $? = 0
configure:8152: result: yes
configure:8152: checking for unistd.h
configure:8152: gcc -c -g -O2 -fstack-protector --param=ssp-buffer-size=4 -Wformat -Wformat-security -D_FORTIFY_SOURCE=2 conftest.c >&5
configure:8152: $? = 0
configure:8152: result: yes
configure:8166: checking for dlfcn.h
configure:8166: gcc -c -g -O2 -fstack-protector --param=ssp-buffer-size=4 -Wformat -Wformat-security -D_FORTIFY_SOURCE=2 conftest.c >&5
configure:8166: $? = 0
configure:8166: result: yes
configure:8323: checking for objdir
configure:8338: result: .libs
configure:8609: checking if gcc supports -fno-rtti -fno-exceptions
configure:8627: gcc -c -g -O2 -fstack-protector --param=ssp-buffer-size=4 -Wformat -Wformat-security -D_FORTIFY_SOURCE=2 -fno-rtti -fno-exceptions conftest.c >&5
cc1: warning: command line option '-fno-rtti' is valid for C++/ObjC++ but not for C [enabled by default]
configure:8631: $? = 0
configure:8644: result: no
configure:8971: checking for gcc option to produce PIC
configure:8978: result: -fPIC -DPIC
configure:8986: checking if gcc PIC flag -fPIC -DPIC works
configure:9004: gcc -c -g -O2 -fstack-protector --param=ssp-buffer-size=4 -Wformat -Wformat-security -D_FORTIFY_SOURCE=2 -fPIC -DPIC -DPIC conftest.c >&5
configure:9008: $? = 0
configure:9021: result: yes
configure:9050: checking if gcc static flag -static works
configure:9078: result: yes
configure:9093: checking if gcc supports -c -o file.o
configure:9114: gcc -c -g -O2 -fstack-protector --param=ssp-buffer-size=4 -Wformat -Wformat-security -D_FORTIFY_SOURCE=2 -o out/conftest2.o conftest.c >&5
configure:9118: $? = 0
configure:9140: result: yes
configure:9148: checking if gcc supports -c -o file.o
configure:9195: result: yes
configure:9228: checking whether the gcc linker (/usr/bin/ld) supports shared libraries
configure:10385: result: yes
configure:10422: checking whether -lc should be explicitly linked in
configure:10430: gcc -c -g -O2 -fstack-protector --param=ssp-buffer-size=4 -Wformat -Wformat-security -D_FORTIFY_SOURCE=2 conftest.c >&5
configure:10433: $? = 0
configure:10448: gcc -shared  -fPIC -DPIC conftest.o  -v -Wl,-soname -Wl,conftest -o conftest 2\>\&1 \| /bin/grep  -lc  \>/dev/null 2\>\&1
configure:10451: $? = 0
configure:10465: result: no
configure:10625: checking dynamic linker characteristics
configure:11136: gcc -o conftest -g -O2 -fstack-protector --param=ssp-buffer-size=4 -Wformat -Wformat-security -D_FORTIFY_SOURCE=2 -Wl,-Bsymbolic-functions -Wl,-z,relro -Wl,-rpath -Wl,/foo conftest.c  >&5
configure:11136: $? = 0
configure:11370: result: GNU/Linux ld.so
configure:11477: checking how to hardcode library paths into programs
configure:11502: result: immediate
configure:12042: checking whether stripping libraries is possible
configure:12047: result: yes
configure:12082: checking if libtool supports shared libraries
configure:12084: result: yes
configure:12087: checking whether to build shared libraries
configure:12108: result: yes
configure:12111: checking whether to build static libraries
configure:12115: result: no
configure:12138: checking how to run the C++ preprocessor
configure:12165: g++ -E -D_FORTIFY_SOURCE=2 conftest.cpp
configure:12165: $? = 0
configure:12179: g++ -E -D_FORTIFY_SOURCE=2 conftest.cpp
conftest.cpp:23:28: fatal error: ac_nonexistent.h: No such file or directory
compilation terminated.
configure:12179: $? = 1
configure: failed program was:
| /* confdefs.h */
| #define PACKAGE_NAME "smqueue"
| #define PACKAGE_TARNAME "smqueue"
| #define PACKAGE_VERSION "5.0-master"
| #define PACKAGE_STRING "smqueue 5.0-master"
| #define PACKAGE_BUGREPORT ""
| #define PACKAGE_URL ""
| #define PACKAGE "smqueue"
| #define VERSION "5.0-master"
| #define STDC_HEADERS 1
| #define HAVE_SYS_TYPES_H 1
| #define HAVE_SYS_STAT_H 1
| #define HAVE_STDLIB_H 1
| #define HAVE_STRING_H 1
| #define HAVE_MEMORY_H 1
| #define HAVE_STRINGS_H 1
| #define HAVE_INTTYPES_H 1
| #define HAVE_STDINT_H 1
| #define HAVE_UNISTD_H 1
| #define HAVE_DLFCN_H 1
| #define LT_OBJDIR ".libs/"
| /* end confdefs.h.  */
| #include <ac_nonexistent.h>
configure:12204: result: g++ -E
configure:12224: g++ -E -D_FORTIFY_SOURCE=2 conftest.cpp
configure:12224: $? = 0
configure:12238: g++ -E -D_FORTIFY_SOURCE=2 conftest.cpp
conftest.cpp:23:28: fatal error: ac_nonexistent.h: No such file or directory
compilation terminated.
configure:12238: $? = 1
configure: failed program was:
| /* confdefs.h */
| #define PACKAGE_NAME "smqueue"
| #define PACKAGE_TARNAME "smqueue"
| #define PACKAGE_VERSION "5.0-master"
| #define PACKAGE_STRING "smqueue 5.0-master"
| #define PACKAGE_BUGREPORT ""
| #define PACKAGE_URL ""
| #define PACKAGE "smqueue"
| #define VERSION "5.0-master"
| #define STDC_HEADERS 1
| #define HAVE_SYS_TYPES_H 1
| #define HAVE_SYS_STAT_H 1
| #define HAVE_STDLIB_H 1
| #define HAVE_STRING_H 1
| #define HAVE_MEMORY_H 1
| #define HAVE_STRINGS_H 1
| #define HAVE_INTTYPES_H 1
| #define HAVE_STDINT_H 1
| #define HAVE_UNISTD_H 1
| #define HAVE_DLFCN_H 1
| #define LT_OBJDIR ".libs/"
| /* end confdefs.h.  */
| #include <ac_nonexistent.h>
configure:12407: checking for ld used by g++
configure:12474: result: /usr/bin/ld
configure:12481: checking if the linker (/usr/bin/ld) is GNU ld
configure:12496: result: yes
configure:12551: checking whether the g++ linker (/usr/bin/ld) supports shared libraries
configure:13556: result: yes
configure:13592: g++ -c -g -O2 -fstack-protector --param=ssp-buffer-size=4 -Wformat -Wformat-security -D_FORTIFY_SOURCE=2 conftest.cpp >&5
configure:13595: $? = 0
configure:14115: checking for g++ option to produce PIC
configure:14122: result: -fPIC -DPIC
configure:14130: checking if g++ PIC flag -fPIC -DPIC works
configure:14148: g++ -c -g -O2 -fstack-protector --param=ssp-buffer-size=4 -Wformat -Wformat-security -D_FORTIFY_SOURCE=2 -fPIC -DPIC -DPIC conftest.cpp >&5
configure:14152: $? = 0
configure:14165: result: yes
configure:14188: checking if g++ static flag -static works
configure:14216: result: yes
configure:14228: checking if g++ supports -c -o file.o
configure:14249: g++ -c -g -O2 -fstack-protector --param=ssp-buffer-size=4 -Wformat -Wformat-security -D_FORTIFY_SOURCE=2 -o out/conftest2.o conftest.cpp >&5
configure:14253: $? = 0
configure:14275: result: yes
configure:14280: checking if g++ supports -c -o file.o
configure:14327: result: yes
configure:14357: checking whether the g++ linker (/usr/bin/ld) supports shared libraries
configure:14396: result: yes
configure:14537: checking dynamic linker characteristics
configure:15216: result: GNU/Linux ld.so
configure:15269: checking how to hardcode library paths into programs
configure:15294: result: immediate
configure:15356: checking for ANSI C header files
configure:15460: result: yes
configure:15470: checking byteswap.h usability
configure:15470: gcc -c -g -O2 -fstack-protector --param=ssp-buffer-size=4 -Wformat -Wformat-security -D_FORTIFY_SOURCE=2 conftest.c >&5
configure:15470: $? = 0
configure:15470: result: yes
configure:15470: checking byteswap.h presence
configure:15470: gcc -E -D_FORTIFY_SOURCE=2 conftest.c
configure:15470: $? = 0
configure:15470: result: yes
configure:15470: checking for byteswap.h
configure:15470: result: yes
configure:15481: checking for an ANSI C-conforming const
configure:15546: gcc -c -g -O2 -fstack-protector --param=ssp-buffer-size=4 -Wformat -Wformat-security -D_FORTIFY_SOURCE=2 conftest.c >&5
configure:15546: $? = 0
configure:15553: result: yes
configure:15561: checking for inline
configure:15577: gcc -c -g -O2 -fstack-protector --param=ssp-buffer-size=4 -Wformat -Wformat-security -D_FORTIFY_SOURCE=2 conftest.c >&5
configure:15577: $? = 0
configure:15585: result: inline
configure:15603: checking for size_t
configure:15603: gcc -c -g -O2 -fstack-protector --param=ssp-buffer-size=4 -Wformat -Wformat-security -D_FORTIFY_SOURCE=2 conftest.c >&5
configure:15603: $? = 0
configure:15603: gcc -c -g -O2 -fstack-protector --param=ssp-buffer-size=4 -Wformat -Wformat-security -D_FORTIFY_SOURCE=2 conftest.c >&5
conftest.c: In function 'main':
conftest.c:61:21: error: expected expression before ')' token
configure:15603: $? = 1
configure: failed program was:
| /* confdefs.h */
| #define PACKAGE_NAME "smqueue"
| #define PACKAGE_TARNAME "smqueue"
| #define PACKAGE_VERSION "5.0-master"
| #define PACKAGE_STRING "smqueue 5.0-master"
| #define PACKAGE_BUGREPORT ""
| #define PACKAGE_URL ""
| #define PACKAGE "smqueue"
| #define VERSION "5.0-master"
| #define STDC_HEADERS 1
| #define HAVE_SYS_TYPES_H 1
| #define HAVE_SYS_STAT_H 1
| #define HAVE_STDLIB_H 1
| #define HAVE_STRING_H 1
| #define HAVE_MEMORY_H 1
| #define HAVE_STRINGS_H 1
| #define HAVE_INTTYPES_H 1
| #define HAVE_STDINT_H 1
| #define HAVE_UNISTD_H 1
| #define HAVE_DLFCN_H 1
| #define LT_OBJDIR ".libs/"
| #define STDC_HEADERS 1
| #define HAVE_BYTESWAP_H 1
| /* end confdefs.h.  */
| #include <stdio.h>
| #ifdef HAVE_SYS_TYPES_H
| # include <sys/types.h>
| #endif
| #ifdef HAVE_SYS_STAT_H
| # include <sys/stat.h>
| #endif
| #ifdef STDC_HEADERS
| # include <stdlib.h>
| # include <stddef.h>
| #else
| # ifdef HAVE_STDLIB_H
| #  include <stdlib.h>
| # endif
| #endif
| #ifdef HAVE_STRING_H
| # if !defined STDC_HEADERS && defined HAVE_MEMORY_H
| #  include <memory.h>
| # endif
| # include <string.h>
| #endif
| #ifdef HAVE_STRINGS_H
| # include <strings.h>
| #endif
| #ifdef HAVE_INTTYPES_H
| # include <inttypes.h>
| #endif
| #ifdef HAVE_STDINT_H
| # include <stdint.h>
| #endif
| #ifdef HAVE_UNISTD_H
| # include <unistd.h>
| #endif
| int
| main ()
| {
| if (sizeof ((size_t)))
| 	    return 0;
|   ;
|   return 0;
| }
configure:15603: result: yes
configure:15614: checking whether time.h and sys/time.h may both be included
configure:15634: gcc -c -g -O2 -fstack-protector --param=ssp-buffer-size=4 -Wformat -Wformat-security -D_FORTIFY_SOURCE=2 conftest.c >&5
configure:15634: $? = 0
configure:15641: result: yes
configure:15649: checking whether byte ordering is bigendian
configure:15664: gcc -c -g -O2 -fstack-protector --param=ssp-buffer-size=4 -Wformat -Wformat-security -D_FORTIFY_SOURCE=2 conftest.c >&5
conftest.c:27:9: error: unknown type name 'not'
conftest.c:27:15: error: expected '=', ',', ';', 'asm' or '__attribute__' before 'universal'
conftest.c:27:15: error: unknown type name 'universal'
configure:15664: $? = 1
configure: failed program was:
| /* confdefs.h */
| #define PACKAGE_NAME "smqueue"
| #define PACKAGE_TARNAME "smqueue"
| #define PACKAGE_VERSION "5.0-master"
| #define PACKAGE_STRING "smqueue 5.0-master"
| #define PACKAGE_BUGREPORT ""
| #define PACKAGE_URL ""
| #define PACKAGE "smqueue"
| #define VERSION "5.0-master"
| #define STDC_HEADERS 1
| #define HAVE_SYS_TYPES_H 1
| #define HAVE_SYS_STAT_H 1
| #define HAVE_STDLIB_H 1
| #define HAVE_STRING_H 1
| #define HAVE_MEMORY_H 1
| #define HAVE_STRINGS_H 1
| #define HAVE_INTTYPES_H 1
| #define HAVE_STDINT_H 1
| #define HAVE_UNISTD_H 1
| #define HAVE_DLFCN_H 1
| #define LT_OBJDIR ".libs/"
| #define STDC_HEADERS 1
| #define HAVE_BYTESWAP_H 1
| #define TIME_WITH_SYS_TIME 1
| /* end confdefs.h.  */
| #ifndef __APPLE_CC__
| 	       not a universal capable compiler
| 	     #endif
| 	     typedef int dummy;
| 
configure:15709: gcc -c -g -O2 -fstack-protector --param=ssp-buffer-size=4 -Wformat -Wformat-security -D_FORTIFY_SOURCE=2 conftest.c >&5
configure:15709: $? = 0
configure:15727: gcc -c -g -O2 -fstack-protector --param=ssp-buffer-size=4 -Wformat -Wformat-security -D_FORTIFY_SOURCE=2 conftest.c >&5
conftest.c: In function 'main':
conftest.c:33:4: error: unknown type name 'not'
conftest.c:33:12: error: expected '=', ',', ';', 'asm' or '__attribute__' before 'endian'
configure:15727: $? = 1
configure: failed program was:
| /* confdefs.h */
| #define PACKAGE_NAME "smqueue"
| #define PACKAGE_TARNAME "smqueue"
| #define PACKAGE_VERSION "5.0-master"
| #define PACKAGE_STRING "smqueue 5.0-master"
| #define PACKAGE_BUGREPORT ""
| #define PACKAGE_URL ""
| #define PACKAGE "smqueue"
| #define VERSION "5.0-master"
| #define STDC_HEADERS 1
| #define HAVE_SYS_TYPES_H 1
| #define HAVE_SYS_STAT_H 1
| #define HAVE_STDLIB_H 1
| #define HAVE_STRING_H 1
| #define HAVE_MEMORY_H 1
| #define HAVE_STRINGS_H 1
| #define HAVE_INTTYPES_H 1
| #define HAVE_STDINT_H 1
| #define HAVE_UNISTD_H 1
| #define HAVE_DLFCN_H 1
| #define LT_OBJDIR ".libs/"
| #define STDC_HEADERS 1
| #define HAVE_BYTESWAP_H 1
| #define TIME_WITH_SYS_TIME 1
| /* end confdefs.h.  */
| #include <sys/types.h>
| 		#include <sys/param.h>
| 
| int
| main ()
| {
| #if BYTE_ORDER != BIG_ENDIAN
| 		 not big endian
| 		#endif
| 
|   ;
|   return 0;
| }
configure:15855: result: no
configure:15880: checking for zmq_init in -lzmq
configure:15905: gcc -o conftest -g -O2 -fstack-protector --param=ssp-buffer-size=4 -Wformat -Wformat-security -D_FORTIFY_SOURCE=2 -Wl,-Bsymbolic-functions -Wl,-z,relro conftest.c -lzmq   >&5
configure:15905: $? = 0
configure:15914: result: yes
configure:15927: checking whether libzmq installation works
configure:15941: gcc -o conftest -g -O2 -fstack-protector --param=ssp-buffer-size=4 -Wformat -Wformat-security -D_FORTIFY_SOURCE=2 -Wl,-Bsymbolic-functions -Wl,-z,relro conftest.c -lzmq  >&5
configure:15941: $? = 0
configure:15942: result: yes
configure:16000: checking for pkg-config
configure:16018: found /usr/bin/pkg-config
configure:16030: result: /usr/bin/pkg-config
configure:16055: checking pkg-config is at least version 0.18
configure:16058: result: yes
configure:16069: checking for OSIP
configure:16077: $PKG_CONFIG --exists --print-errors "libosip2"
configure:16080: $? = 0
configure:16117: $PKG_CONFIG --exists --print-errors "libosip2"
configure:16120: $? = 0
configure:16137: $PKG_CONFIG --exists --print-errors "libosip2"
configure:16140: $? = 0
configure:16207: result: yes
configure:16213: checking for gethostbyname_r
configure:16213: gcc -o conftest -g -O2 -fstack-protector --param=ssp-buffer-size=4 -Wformat -Wformat-security -D_FORTIFY_SOURCE=2 -Wl,-Bsymbolic-functions -Wl,-z,relro conftest.c -lzmq  >&5
configure:16213: $? = 0
configure:16213: result: yes
configure:16220: checking for gethostbyname2_r
configure:16220: gcc -o conftest -g -O2 -fstack-protector --param=ssp-buffer-size=4 -Wformat -Wformat-security -D_FORTIFY_SOURCE=2 -Wl,-Bsymbolic-functions -Wl,-z,relro conftest.c -lzmq  >&5
configure:16220: $? = 0
configure:16220: result: yes
configure:16370: creating ./config.status

## ---------------------- ##
## Running config.status. ##
## ---------------------- ##

This file was extended by smqueue config.status 5.0-master, which was
generated by GNU Autoconf 2.68.  Invocation command line was

  CONFIG_FILES    = 
  CONFIG_HEADERS  = 
  CONFIG_LINKS    = 
  CONFIG_COMMANDS = 
  $ ./config.status 

on openbts

config.status:1181: creating Makefile
config.status:1181: creating config/Makefile
config.status:1181: creating doc/Makefile
config.status:1181: creating CommonLibs/Makefile
config.status:1181: creating Globals/Makefile
config.status:1181: creating GSM/Makefile
config.status:1181: creating SMS/Makefile
config.status:1181: creating NodeManager/Makefile
config.status:1181: creating smqueue/Makefile
config.status:1181: creating testing/Makefile
config.status:1181: creating config.h
config.status:1362: config.h is unchanged
config.status:1410: executing depfiles commands
config.status:1410: executing libtool commands

## ---------------- ##
## Cache variables. ##
## ---------------- ##

ac_cv_build=i686-pc-linux-gnu
ac_cv_c_bigendian=no
ac_cv_c_compiler_gnu=yes
ac_cv_c_const=yes
ac_cv_c_inline=inline
ac_cv_cxx_compiler_gnu=yes
ac_cv_env_CCASFLAGS_set=
ac_cv_env_CCASFLAGS_value=
ac_cv_env_CCAS_set=
ac_cv_env_CCAS_value=
ac_cv_env_CCC_set=
ac_cv_env_CCC_value=
ac_cv_env_CC_set=
ac_cv_env_CC_value=
ac_cv_env_CFLAGS_set=set
ac_cv_env_CFLAGS_value='-g -O2 -fstack-protector --param=ssp-buffer-size=4 -Wformat -Wformat-security'
ac_cv_env_CPPFLAGS_set=set
ac_cv_env_CPPFLAGS_value=-D_FORTIFY_SOURCE=2
ac_cv_env_CPP_set=
ac_cv_env_CPP_value=
ac_cv_env_CXXCPP_set=
ac_cv_env_CXXCPP_value=
ac_cv_env_CXXFLAGS_set=set
ac_cv_env_CXXFLAGS_value='-g -O2 -fstack-protector --param=ssp-buffer-size=4 -Wformat -Wformat-security'
ac_cv_env_CXX_set=
ac_cv_env_CXX_value=
ac_cv_env_LDFLAGS_set=set
ac_cv_env_LDFLAGS_value='-Wl,-Bsymbolic-functions -Wl,-z,relro'
ac_cv_env_LIBS_set=
ac_cv_env_LIBS_value=
ac_cv_env_OSIP_CFLAGS_set=
ac_cv_env_OSIP_CFLAGS_value=
ac_cv_env_OSIP_INCLUDEDIR_set=
ac_cv_env_OSIP_INCLUDEDIR_value=
ac_cv_env_OSIP_LIBS_set=
ac_cv_env_OSIP_LIBS_value=
ac_cv_env_PKG_CONFIG_set=
ac_cv_env_PKG_CONFIG_value=
ac_cv_env_build_alias_set=
ac_cv_env_build_alias_value=
ac_cv_env_host_alias_set=
ac_cv_env_host_alias_value=
ac_cv_env_target_alias_set=
ac_cv_env_target_alias_value=
ac_cv_func_gethostbyname2_r=yes
ac_cv_func_gethostbyname_r=yes
ac_cv_header_byteswap_h=yes
ac_cv_header_dlfcn_h=yes
ac_cv_header_inttypes_h=yes
ac_cv_header_memory_h=yes
ac_cv_header_stdc=yes
ac_cv_header_stdint_h=yes
ac_cv_header_stdlib_h=yes
ac_cv_header_string_h=yes
ac_cv_header_strings_h=yes
ac_cv_header_sys_stat_h=yes
ac_cv_header_sys_types_h=yes
ac_cv_header_time=yes
ac_cv_header_unistd_h=yes
ac_cv_host=i686-pc-linux-gnu
ac_cv_lib_zmq_zmq_init=yes
ac_cv_objext=o
ac_cv_path_EGREP='/bin/grep -E'
ac_cv_path_FGREP='/bin/grep -F'
ac_cv_path_GREP=/bin/grep
ac_cv_path_RM_PROG=/bin/rm
ac_cv_path_SED=/bin/sed
ac_cv_path_ac_pt_PKG_CONFIG=/usr/bin/pkg-config
ac_cv_path_install='/usr/bin/install -c'
ac_cv_path_mkdir=/bin/mkdir
ac_cv_prog_AWK=mawk
ac_cv_prog_CPP='gcc -E'
ac_cv_prog_CXXCPP='g++ -E'
ac_cv_prog_ac_ct_AR=ar
ac_cv_prog_ac_ct_CC=gcc
ac_cv_prog_ac_ct_CXX=g++
ac_cv_prog_ac_ct_MANIFEST_TOOL=mt
ac_cv_prog_ac_ct_OBJDUMP=objdump
ac_cv_prog_ac_ct_RANLIB=ranlib
ac_cv_prog_ac_ct_STRIP=strip
ac_cv_prog_cc_c89=
ac_cv_prog_cc_g=yes
ac_cv_prog_cxx_g=yes
ac_cv_prog_make_make_set=yes
ac_cv_target=i686-pc-linux-gnu
ac_cv_type_size_t=yes
am_cv_CCAS_dependencies_compiler_type=gcc3
am_cv_CC_dependencies_compiler_type=gcc3
am_cv_CXX_dependencies_compiler_type=gcc3
lt_cv_ar_at_file=@
lt_cv_archive_cmds_need_lc=no
lt_cv_deplibs_check_method=pass_all
lt_cv_file_magic_cmd='$MAGIC_CMD'
lt_cv_file_magic_test_file=
lt_cv_ld_reload_flag=-r
lt_cv_nm_interface='BSD nm'
lt_cv_objdir=.libs
lt_cv_path_LD=/usr/bin/ld
lt_cv_path_LDCXX=/usr/bin/ld
lt_cv_path_NM='/usr/bin/nm -B'
lt_cv_path_mainfest_tool=no
lt_cv_prog_compiler_c_o=yes
lt_cv_prog_compiler_c_o_CXX=yes
lt_cv_prog_compiler_pic='-fPIC -DPIC'
lt_cv_prog_compiler_pic_CXX='-fPIC -DPIC'
lt_cv_prog_compiler_pic_works=yes
lt_cv_prog_compiler_pic_works_CXX=yes
lt_cv_prog_compiler_rtti_exceptions=no
lt_cv_prog_compiler_static_works=yes
lt_cv_prog_compiler_static_works_CXX=yes
lt_cv_prog_gnu_ld=yes
lt_cv_prog_gnu_ldcxx=yes
lt_cv_sharedlib_from_linklib_cmd='printf %s\n'
lt_cv_shlibpath_overrides_runpath=no
lt_cv_sys_global_symbol_pipe='sed -n -e '\''s/^.*[	 ]\([ABCDGIRSTW][ABCDGIRSTW]*\)[	 ][	 ]*\([_A-Za-z][_A-Za-z0-9]*\)$/\1 \2 \2/p'\'' | sed '\''/ __gnu_lto/d'\'''
lt_cv_sys_global_symbol_to_c_name_address='sed -n -e '\''s/^: \([^ ]*\)[ ]*$/  {\"\1\", (void *) 0},/p'\'' -e '\''s/^[ABCDGIRSTW]* \([^ ]*\) \([^ ]*\)$/  {"\2", (void *) \&\2},/p'\'''
lt_cv_sys_global_symbol_to_c_name_address_lib_prefix='sed -n -e '\''s/^: \([^ ]*\)[ ]*$/  {\"\1\", (void *) 0},/p'\'' -e '\''s/^[ABCDGIRSTW]* \([^ ]*\) \(lib[^ ]*\)$/  {"\2", (void *) \&\2},/p'\'' -e '\''s/^[ABCDGIRSTW]* \([^ ]*\) \([^ ]*\)$/  {"lib\2", (void *) \&\2},/p'\'''
lt_cv_sys_global_symbol_to_cdecl='sed -n -e '\''s/^T .* \(.*\)$/extern int \1();/p'\'' -e '\''s/^[ABCDGIRSTW]* .* \(.*\)$/extern char \1;/p'\'''
lt_cv_sys_max_cmd_len=805306365
lt_cv_to_host_file_cmd=func_convert_file_noop
lt_cv_to_tool_file_cmd=func_convert_file_noop
pkg_cv_OSIP_CFLAGS='-DOSIP_MT -DHAVE_PTHREAD  '
pkg_cv_OSIP_CPPFLAGS=' -DOSIP_MT -DHAVE_PTHREAD'
pkg_cv_OSIP_INCLUDEDIR=/usr/include
pkg_cv_OSIP_LIBS='-losipparser2 -losip2  '

## ----------------- ##
## Output variables. ##
## ----------------- ##

ACLOCAL='${SHELL} /home/openbts/dev/smqueue/missing --run aclocal-1.11'
AMDEPBACKSLASH='\'
AMDEP_FALSE='#'
AMDEP_TRUE=''
AMTAR='$${TAR-tar}'
AR='ar'
AUTOCONF='${SHELL} /home/openbts/dev/smqueue/missing --run autoconf'
AUTOHEADER='${SHELL} /home/openbts/dev/smqueue/missing --run autoheader'
AUTOMAKE='${SHELL} /home/openbts/dev/smqueue/missing --run automake-1.11'
AWK='mawk'
CC='gcc'
CCAS='gcc'
CCASDEPMODE='depmode=gcc3'
CCASFLAGS='-g -O2 -fstack-protector --param=ssp-buffer-size=4 -Wformat -Wformat-security'
CCDEPMODE='depmode=gcc3'
CFLAGS='-g -O2 -fstack-protector --param=ssp-buffer-size=4 -Wformat -Wformat-security'
CPP='gcc -E'
CPPFLAGS='-D_FORTIFY_SOURCE=2'
CXX='g++'
CXXCPP='g++ -E'
CXXDEPMODE='depmode=gcc3'
CXXFLAGS='-g -O2 -fstack-protector --param=ssp-buffer-size=4 -Wformat -Wformat-security'
CYGPATH_W='echo'
DEFS='-DHAVE_CONFIG_H'
DEPDIR='.deps'
DLLTOOL='false'
DSYMUTIL=''
DUMPBIN=''
ECHO_C=''
ECHO_N='-n'
ECHO_T=''
EGREP='/bin/grep -E'
EXEEXT=''
FGREP='/bin/grep -F'
GREP='/bin/grep'
INSTALL_DATA='${INSTALL} -m 644'
INSTALL_PROGRAM='${INSTALL}'
INSTALL_SCRIPT='${INSTALL}'
INSTALL_STRIP_PROGRAM='$(install_sh) -c -s'
LD='/usr/bin/ld'
LDFLAGS='-Wl,-Bsymbolic-functions -Wl,-z,relro'
LIBOBJS=''
LIBS='-lzmq '
LIBTOOL='$(SHELL) $(top_builddir)/libtool'
LIPO=''
LN_S='ln -s'
LTLIBOBJS=''
MAKEINFO='${SHELL} /home/openbts/dev/smqueue/missing --run makeinfo'
MANIFEST_TOOL=':'
MKDIR_P='/bin/mkdir -p'
NM='/usr/bin/nm -B'
NMEDIT=''
OBJDUMP='objdump'
OBJEXT='o'
OSIP_CFLAGS='-DOSIP_MT -DHAVE_PTHREAD  '
OSIP_CPPFLAGS=' -DOSIP_MT -DHAVE_PTHREAD'
OSIP_INCLUDEDIR='/usr/include'
OSIP_LIBS='-losipparser2 -losip2  '
OTOOL64=''
OTOOL=''
PACKAGE='smqueue'
PACKAGE_BUGREPORT=''
PACKAGE_NAME='smqueue'
PACKAGE_STRING='smqueue 5.0-master'
PACKAGE_TARNAME='smqueue'
PACKAGE_URL=''
PACKAGE_VERSION='5.0-master'
PATH_SEPARATOR=':'
PKG_CONFIG='/usr/bin/pkg-config'
RANLIB='ranlib'
RM_PROG='/bin/rm'
SED='/bin/sed'
SET_MAKE=''
SHELL='/bin/bash'
STRIP='strip'
VERSION='5.0-master'
ac_ct_AR='ar'
ac_ct_CC='gcc'
ac_ct_CXX='g++'
ac_ct_DUMPBIN=''
am__EXEEXT_FALSE=''
am__EXEEXT_TRUE='#'
am__fastdepCCAS_FALSE='#'
am__fastdepCCAS_TRUE=''
am__fastdepCC_FALSE='#'
am__fastdepCC_TRUE=''
am__fastdepCXX_FALSE='#'
am__fastdepCXX_TRUE=''
am__include='include'
am__isrc=''
am__leading_dot='.'
am__nodep='_no'
am__quote=''
am__tar='$${TAR-tar} chof - "$$tardir"'
am__untar='$${TAR-tar} xf -'
bindir='${exec_prefix}/bin'
build='i686-pc-linux-gnu'
build_alias=''
build_cpu='i686'
build_os='linux-gnu'
build_vendor='pc'
datadir='${datarootdir}'
datarootdir='${prefix}/share'
docdir='${datarootdir}/doc/${PACKAGE_TARNAME}'
dvidir='${docdir}'
exec_prefix='${prefix}'
host='i686-pc-linux-gnu'
host_alias=''
host_cpu='i686'
host_os='linux-gnu'
host_vendor='pc'
htmldir='${docdir}'
includedir='${prefix}/include'
infodir='${datarootdir}/info'
install_sh='${SHELL} /home/openbts/dev/smqueue/install-sh'
libdir='${exec_prefix}/lib'
libexecdir='${exec_prefix}/libexec'
localedir='${datarootdir}/locale'
localstatedir='${prefix}/var'
mandir='${datarootdir}/man'
mkdir_p='/bin/mkdir -p'
oldincludedir='/usr/include'
pdfdir='${docdir}'
prefix='/usr/local'
program_transform_name='s,x,x,'
psdir='${docdir}'
sbindir='${exec_prefix}/sbin'
sharedstatedir='${prefix}/com'
sysconfdir='${prefix}/etc'
target='i686-pc-linux-gnu'
target_alias=''
target_cpu='i686'
target_os='linux-gnu'
target_vendor='pc'

## ----------- ##
## confdefs.h. ##
## ----------- ##

/* confdefs.h */
#define PACKAGE_NAME "smqueue"
#define PACKAGE_TARNAME "smqueue"
#define PACKAGE_VERSION "5.0-master"
#define PACKAGE_STRING "smqueue 5.0-master"
#define PACKAGE_BUGREPORT ""
#define PACKAGE_URL ""
#define PACKAGE "smqueue"
#define VERSION "5.0-master"
#define STDC_HEADERS 1
#define HAVE_SYS_TYPES_H 1
#define HAVE_SYS_STAT_H 1
#define HAVE_STDLIB_H 1
#define HAVE_STRING_H 1
#define HAVE_MEMORY_H 1
#define HAVE_STRINGS_H 1
#define HAVE_INTTYPES_H 1
#define HAVE_STDINT_H 1
#define HAVE_UNISTD_H 1
#define HAVE_DLFCN_H 1
#define LT_OBJDIR ".libs/"
#define STDC_HEADERS 1
#define HAVE_BYTESWAP_H 1
#define TIME_WITH_SYS_TIME 1
#define HAVE_LIBZMQ 1
#define HAVE_GETHOSTBYNAME_R 1
#define HAVE_GETHOSTBYNAME2_R 1

configure: exit 0
